[2025-11-22 23:04:09 DP0 TP0 EP0] Init torch distributed begin.
[2025-11-22 23:04:10 DP0 TP0 EP0] sglang is using nccl==2.27.3
[2025-11-22 23:04:12 DP0 TP0 EP0] Custom allreduce is disabled because this process group spans across nodes.
[2025-11-22 23:04:12 DP0 TP0 EP0] Init torch distributed ends. mem usage=1.07 GB
[2025-11-22 23:04:12 DP0 TP0 EP0] init_expert_location from init_by_eplb using ServerArgs.init_expert_location
[2025-11-22 23:04:13 DP0 TP0 EP0] Ignore import error when loading sglang.srt.models.mindspore: name 'ms' is not defined
[2025-11-22 23:04:17 DP0 TP0 EP0] Load weight begin. avail mem=179.73 GB
[2025-11-22 23:04:17 DP0 TP0 EP0] Using ModelOptModelLoader due to ModelOpt quantization config.
[2025-11-22 23:04:17 DP0 TP0 EP0] ModelOptModelLoader: Loading base model...
[2025-11-22 23:04:18 DP0 TP0 EP0] Model is already quantized, loading directly...
[2025-11-22 23:04:20 DP0 TP0 EP0] Detected nvfp4 checkpoint. Please note that the format is experimental and subject to change.
[2025-11-22 23:04:20 DP0 TP0 EP0] Detected fp8 checkpoint.
[2025-11-22 23:04:20 DP0 TP0 EP0] Detected fp8 checkpoint.
[2025-11-22 23:04:20 DP0 TP0 EP0] Detected fp8 checkpoint.
[2025-11-22 23:04:20 DP0 TP0 EP0] Detected fp8 checkpoint.
[2025-11-22 23:04:20 DP0 TP0 EP0] Detected fp8 checkpoint.
[2025-11-22 23:04:20 DP0 TP0 EP0] Detected fp8 checkpoint.
[2025-11-22 23:04:20 DP0 TP0 EP0] Detected fp8 checkpoint.
[2025-11-22 23:04:20 DP0 TP0 EP0] Detected fp8 checkpoint.
[2025-11-22 23:04:20 DP0 TP0 EP0] Detected fp8 checkpoint.
[2025-11-22 23:04:20 DP0 TP0 EP0] Detected fp8 checkpoint.
[2025-11-22 23:04:20 DP0 TP0 EP0] Detected fp8 checkpoint.
[2025-11-22 23:04:20 DP0 TP0 EP0] Detected fp8 checkpoint.
[2025-11-22 23:04:20 DP0 TP0 EP0] Detected fp8 checkpoint.
[2025-11-22 23:04:20 DP0 TP0 EP0] Detected fp8 checkpoint.
[2025-11-22 23:04:20 DP0 TP0 EP0] Detected fp8 checkpoint.
[2025-11-22 23:04:20 DP0 TP0 EP0] Detected fp8 checkpoint.
[2025-11-22 23:04:20 DP0 TP0 EP0] Detected fp8 checkpoint.
[2025-11-22 23:04:20 DP0 TP0 EP0] Detected fp8 checkpoint.
[2025-11-22 23:04:20 DP0 TP0 EP0] Detected fp8 checkpoint.
[2025-11-22 23:04:20 DP0 TP0 EP0] Detected fp8 checkpoint.
[2025-11-22 23:04:20 DP0 TP0 EP0] Detected fp8 checkpoint.
[2025-11-22 23:04:20 DP0 TP0 EP0] Detected fp8 checkpoint.
[2025-11-22 23:04:20 DP0 TP0 EP0] Detected fp8 checkpoint.
[2025-11-22 23:04:20 DP0 TP0 EP0] Detected fp8 checkpoint.
[2025-11-22 23:04:20 DP0 TP0 EP0] Detected fp8 checkpoint.
[2025-11-22 23:04:20 DP0 TP0 EP0] Detected fp8 checkpoint.
[2025-11-22 23:04:20 DP0 TP0 EP0] Detected fp8 checkpoint.
[2025-11-22 23:04:20 DP0 TP0 EP0] Detected fp8 checkpoint.
[2025-11-22 23:04:20 DP0 TP0 EP0] Detected fp8 checkpoint.
[2025-11-22 23:04:20 DP0 TP0 EP0] Detected fp8 checkpoint.
[2025-11-22 23:04:20 DP0 TP0 EP0] Detected fp8 checkpoint.
[2025-11-22 23:04:20 DP0 TP0 EP0] Detected fp8 checkpoint.
[2025-11-22 23:04:20 DP0 TP0 EP0] Detected fp8 checkpoint.
[2025-11-22 23:04:20 DP0 TP0 EP0] Detected fp8 checkpoint.
[2025-11-22 23:04:20 DP0 TP0 EP0] Detected fp8 checkpoint.
[2025-11-22 23:04:20 DP0 TP0 EP0] Detected fp8 checkpoint.
[2025-11-22 23:04:20 DP0 TP0 EP0] Detected fp8 checkpoint.
[2025-11-22 23:04:20 DP0 TP0 EP0] Detected fp8 checkpoint.
[2025-11-22 23:04:20 DP0 TP0 EP0] Detected fp8 checkpoint.
[2025-11-22 23:04:20 DP0 TP0 EP0] Detected fp8 checkpoint.
[2025-11-22 23:04:20 DP0 TP0 EP0] Detected fp8 checkpoint.
[2025-11-22 23:04:20 DP0 TP0 EP0] Detected fp8 checkpoint.
[2025-11-22 23:04:20 DP0 TP0 EP0] Detected fp8 checkpoint.
[2025-11-22 23:04:20 DP0 TP0 EP0] Detected fp8 checkpoint.
[2025-11-22 23:04:20 DP0 TP0 EP0] Detected fp8 checkpoint.
[2025-11-22 23:04:20 DP0 TP0 EP0] Detected fp8 checkpoint.
[2025-11-22 23:04:20 DP0 TP0 EP0] Detected fp8 checkpoint.
[2025-11-22 23:04:20 DP0 TP0 EP0] Detected fp8 checkpoint.
[2025-11-22 23:04:20 DP0 TP0 EP0] Detected fp8 checkpoint.
[2025-11-22 23:04:20 DP0 TP0 EP0] Detected fp8 checkpoint.
[2025-11-22 23:04:20 DP0 TP0 EP0] Detected fp8 checkpoint.
[2025-11-22 23:04:20 DP0 TP0 EP0] Detected fp8 checkpoint.
[2025-11-22 23:04:20 DP0 TP0 EP0] Detected fp8 checkpoint.
[2025-11-22 23:04:20 DP0 TP0 EP0] Detected fp8 checkpoint.
[2025-11-22 23:04:20 DP0 TP0 EP0] Detected fp8 checkpoint.
[2025-11-22 23:04:20 DP0 TP0 EP0] Detected fp8 checkpoint.
[2025-11-22 23:04:20 DP0 TP0 EP0] Detected fp8 checkpoint.
[2025-11-22 23:04:20 DP0 TP0 EP0] Detected fp8 checkpoint.
[2025-11-22 23:04:20 DP0 TP0 EP0] Detected fp8 checkpoint.
[2025-11-22 23:04:20 DP0 TP0 EP0] Detected fp8 checkpoint.
[2025-11-22 23:04:20 DP0 TP0 EP0] Detected fp8 checkpoint.
[2025-11-22 23:04:23 DP0 TP0 EP0] Using model weights format ['*.safetensors']
[2025-11-22 23:04:58 DP0 TP0 EP0] Using FP8 KV cache but no scaling factors provided. Defaulting to scaling factors of 1.0. This may lead to less accurate results!
[2025-11-22 23:04:58 DP0 TP0 EP0] Load weight end. type=DeepseekV3ForCausalLM, dtype=torch.bfloat16, avail mem=143.75 GB, mem usage=35.97 GB.
[2025-11-22 23:05:07 DP0 TP0 EP0] Using KV cache dtype: torch.float8_e4m3fn
[2025-11-22 23:05:07 DP0 TP0 EP0] KV Cache is allocated. #tokens: 3122368, KV size: 102.18 GB
[2025-11-22 23:05:07 DP0 TP0 EP0] Memory pool end. avail mem=41.13 GB
[2025-11-22 23:05:07 DP0 TP0 EP0] Capture cuda graph begin. This can take up to several minutes. avail mem=40.56 GB
[2025-11-22 23:05:07 DP0 TP0 EP0] Capture cuda graph bs [1024]
[2025-11-22 23:05:27 DP0 TP0 EP0] Capture cuda graph end. Time elapsed: 19.62 s. mem usage=31.07 GB. avail mem=9.49 GB.
[2025-11-22 23:05:30 DP0 TP0 EP0] max_total_num_tokens=3122368, chunked_prefill_size=16384, max_prefill_tokens=16384, max_running_requests=1024, context_len=2176, available_gpu_mem=9.49 GB
[2025-11-22 23:05:32 DP0 TP0 EP0] Decode batch, #running-req: 1, #token: 64, token usage: 0.00, pre-allocated usage: 0.00, #prealloc-req: 0, #transfer-req: 0, #retracted-req: 0, cuda graph: True, gen throughput (token/s): 0.42, #queue-req: 0, 
[2025-11-22 23:05:32 DP0 TP0 EP0] Decode batch, #running-req: 1, #token: 64, token usage: 0.00, pre-allocated usage: 0.00, #prealloc-req: 0, #transfer-req: 0, #retracted-req: 0, cuda graph: True, gen throughput (token/s): 25.99, #queue-req: 0, 
[2025-11-22 23:05:32 DP0 TP0 EP0] Decode batch, #running-req: 1, #token: 64, token usage: 0.00, pre-allocated usage: 0.00, #prealloc-req: 0, #transfer-req: 0, #retracted-req: 0, cuda graph: True, gen throughput (token/s): 27.31, #queue-req: 0, 
[2025-11-22 23:05:32 DP0 TP0 EP0] Decode batch, #running-req: 1, #token: 64, token usage: 0.00, pre-allocated usage: 0.00, #prealloc-req: 0, #transfer-req: 0, #retracted-req: 0, cuda graph: True, gen throughput (token/s): 27.20, #queue-req: 0, 
[2025-11-22 23:05:33 DP0 TP0 EP0] Decode batch, #running-req: 1, #token: 64, token usage: 0.00, pre-allocated usage: 0.00, #prealloc-req: 0, #transfer-req: 0, #retracted-req: 0, cuda graph: True, gen throughput (token/s): 27.08, #queue-req: 0, 
[2025-11-22 23:05:33 DP0 TP0 EP0] Decode batch, #running-req: 1, #token: 64, token usage: 0.00, pre-allocated usage: 0.00, #prealloc-req: 0, #transfer-req: 0, #retracted-req: 0, cuda graph: True, gen throughput (token/s): 27.12, #queue-req: 0, 
[2025-11-22 23:05:33 DP0 TP0 EP0] Decode batch, #running-req: 1, #token: 0, token usage: 0.00, pre-allocated usage: 0.00, #prealloc-req: 0, #transfer-req: 0, #retracted-req: 0, cuda graph: True, gen throughput (token/s): 12.76, #queue-req: 0, 
[2025-11-22 23:05:33 DP0 TP0 EP0] Decode batch, #running-req: 1, #token: 0, token usage: 0.00, pre-allocated usage: 0.00, #prealloc-req: 0, #transfer-req: 0, #retracted-req: 0, cuda graph: True, gen throughput (token/s): 116.35, #queue-req: 0, 
[2025-11-22 23:08:00 DP0 TP0 EP0] Cache flushed successfully!
[2025-11-22 23:15:42 DP0 TP0 EP0] Scheduler.run_batch sleep 180.0s
[2025-11-22 23:18:43 DP0 TP0 EP0] Scheduler.run_batch sleep 180.0s
[2025-11-22 23:21:43 DP0 TP0 EP0] Scheduler.run_batch sleep 180.0s
[2025-11-22 23:24:43 DP0 TP0 EP0] Decode batch, #running-req: 1024, #token: 1922048, token usage: 0.62, pre-allocated usage: 0.00, #prealloc-req: 0, #transfer-req: 0, #retracted-req: 0, cuda graph: True, gen throughput (token/s): 0.89, #queue-req: 853, 
[2025-11-22 23:24:43 DP0 TP0 EP0] Decode batch, #running-req: 1024, #token: 1922048, token usage: 0.62, pre-allocated usage: 0.00, #prealloc-req: 0, #transfer-req: 0, #retracted-req: 0, cuda graph: True, gen throughput (token/s): 12112.66, #queue-req: 853, 
[2025-11-22 23:24:43 DP0 TP0 EP0] Decode batch, #running-req: 1024, #token: 1922048, token usage: 0.62, pre-allocated usage: 0.00, #prealloc-req: 0, #transfer-req: 0, #retracted-req: 0, cuda graph: True, gen throughput (token/s): 12241.95, #queue-req: 853, 
[2025-11-22 23:24:43 DP0 TP0 EP0] Decode batch, #running-req: 1024, #token: 1922048, token usage: 0.62, pre-allocated usage: 0.00, #prealloc-req: 0, #transfer-req: 0, #retracted-req: 0, cuda graph: True, gen throughput (token/s): 12156.81, #queue-req: 853, 
[2025-11-22 23:24:43 DP0 TP0 EP0] Decode batch, #running-req: 1024, #token: 1922048, token usage: 0.62, pre-allocated usage: 0.00, #prealloc-req: 0, #transfer-req: 0, #retracted-req: 0, cuda graph: True, gen throughput (token/s): 12325.23, #queue-req: 853, 
[2025-11-22 23:24:43 DP0 TP0 EP0] Decode batch, #running-req: 1024, #token: 1922048, token usage: 0.62, pre-allocated usage: 0.00, #prealloc-req: 0, #transfer-req: 0, #retracted-req: 0, cuda graph: True, gen throughput (token/s): 12409.41, #queue-req: 853, 
[2025-11-22 23:24:44 DP0 TP0 EP0] Decode batch, #running-req: 1024, #token: 1922048, token usage: 0.62, pre-allocated usage: 0.00, #prealloc-req: 0, #transfer-req: 0, #retracted-req: 0, cuda graph: True, gen throughput (token/s): 12148.45, #queue-req: 853, 
[2025-11-22 23:24:44 DP0 TP0 EP0] Decode batch, #running-req: 1024, #token: 1922048, token usage: 0.62, pre-allocated usage: 0.00, #prealloc-req: 0, #transfer-req: 0, #retracted-req: 0, cuda graph: True, gen throughput (token/s): 11763.20, #queue-req: 853, 
[2025-11-22 23:24:44 DP0 TP0 EP0] Decode batch, #running-req: 1024, #token: 1922048, token usage: 0.62, pre-allocated usage: 0.00, #prealloc-req: 0, #transfer-req: 0, #retracted-req: 0, cuda graph: True, gen throughput (token/s): 11609.77, #queue-req: 853, 
[2025-11-22 23:24:44 DP0 TP0 EP0] Decode batch, #running-req: 1024, #token: 1922048, token usage: 0.62, pre-allocated usage: 0.00, #prealloc-req: 0, #transfer-req: 0, #retracted-req: 0, cuda graph: True, gen throughput (token/s): 11907.15, #queue-req: 853, 
[2025-11-22 23:24:44 DP0 TP0 EP0] Decode batch, #running-req: 1024, #token: 1922048, token usage: 0.62, pre-allocated usage: 0.00, #prealloc-req: 0, #transfer-req: 0, #retracted-req: 0, cuda graph: True, gen throughput (token/s): 12097.38, #queue-req: 853, 
[2025-11-22 23:24:44 DP0 TP0 EP0] Decode batch, #running-req: 1024, #token: 1922048, token usage: 0.62, pre-allocated usage: 0.00, #prealloc-req: 0, #transfer-req: 0, #retracted-req: 0, cuda graph: True, gen throughput (token/s): 12065.42, #queue-req: 853, 
[2025-11-22 23:24:44 DP0 TP0 EP0] Decode batch, #running-req: 1024, #token: 1922048, token usage: 0.62, pre-allocated usage: 0.00, #prealloc-req: 0, #transfer-req: 0, #retracted-req: 0, cuda graph: True, gen throughput (token/s): 12129.86, #queue-req: 853, 
[2025-11-22 23:24:44 DP0 TP0 EP0] Decode batch, #running-req: 1024, #token: 1922048, token usage: 0.62, pre-allocated usage: 0.00, #prealloc-req: 0, #transfer-req: 0, #retracted-req: 0, cuda graph: True, gen throughput (token/s): 12153.65, #queue-req: 853, 
[2025-11-22 23:24:44 DP0 TP0 EP0] Decode batch, #running-req: 1024, #token: 1922048, token usage: 0.62, pre-allocated usage: 0.00, #prealloc-req: 0, #transfer-req: 0, #retracted-req: 0, cuda graph: True, gen throughput (token/s): 12183.00, #queue-req: 853, 
[2025-11-22 23:24:44 DP0 TP0 EP0] Decode batch, #running-req: 1024, #token: 1922048, token usage: 0.62, pre-allocated usage: 0.00, #prealloc-req: 0, #transfer-req: 0, #retracted-req: 0, cuda graph: True, gen throughput (token/s): 12198.29, #queue-req: 853, 
[2025-11-22 23:24:44 DP0 TP0 EP0] Decode batch, #running-req: 1024, #token: 1922048, token usage: 0.62, pre-allocated usage: 0.00, #prealloc-req: 0, #transfer-req: 0, #retracted-req: 0, cuda graph: True, gen throughput (token/s): 12042.18, #queue-req: 853, 
[2025-11-22 23:24:45 DP0 TP0 EP0] Decode batch, #running-req: 1024, #token: 1922048, token usage: 0.62, pre-allocated usage: 0.00, #prealloc-req: 0, #transfer-req: 0, #retracted-req: 0, cuda graph: True, gen throughput (token/s): 12288.59, #queue-req: 853, 
[2025-11-22 23:24:45 DP0 TP0 EP0] Decode batch, #running-req: 1024, #token: 1922048, token usage: 0.62, pre-allocated usage: 0.00, #prealloc-req: 0, #transfer-req: 0, #retracted-req: 0, cuda graph: True, gen throughput (token/s): 12203.54, #queue-req: 853, 
[2025-11-22 23:24:45 DP0 TP0 EP0] Decode batch, #running-req: 1024, #token: 1922048, token usage: 0.62, pre-allocated usage: 0.00, #prealloc-req: 0, #transfer-req: 0, #retracted-req: 0, cuda graph: True, gen throughput (token/s): 12046.33, #queue-req: 853, 
[2025-11-22 23:24:45 DP0 TP0 EP0] Decode batch, #running-req: 1024, #token: 1922048, token usage: 0.62, pre-allocated usage: 0.00, #prealloc-req: 0, #transfer-req: 0, #retracted-req: 0, cuda graph: True, gen throughput (token/s): 12057.31, #queue-req: 853, 
[2025-11-22 23:24:45 DP0 TP0 EP0] Decode batch, #running-req: 1024, #token: 1922048, token usage: 0.62, pre-allocated usage: 0.00, #prealloc-req: 0, #transfer-req: 0, #retracted-req: 0, cuda graph: True, gen throughput (token/s): 12193.29, #queue-req: 853, 
[2025-11-22 23:24:45 DP0 TP0 EP0] Decode batch, #running-req: 1024, #token: 1922048, token usage: 0.62, pre-allocated usage: 0.00, #prealloc-req: 0, #transfer-req: 0, #retracted-req: 0, cuda graph: True, gen throughput (token/s): 12277.89, #queue-req: 853, 
[2025-11-22 23:24:45 DP0 TP0 EP0] Decode batch, #running-req: 1024, #token: 1987584, token usage: 0.64, pre-allocated usage: 0.00, #prealloc-req: 0, #transfer-req: 0, #retracted-req: 0, cuda graph: True, gen throughput (token/s): 12145.95, #queue-req: 853, 
[2025-11-22 23:24:45 DP0 TP0 EP0] Decode batch, #running-req: 1024, #token: 1987584, token usage: 0.64, pre-allocated usage: 0.00, #prealloc-req: 0, #transfer-req: 0, #retracted-req: 0, cuda graph: True, gen throughput (token/s): 12089.45, #queue-req: 853, 
[2025-11-22 23:24:45 DP0 TP0 EP0] Decode batch, #running-req: 1024, #token: 1987584, token usage: 0.64, pre-allocated usage: 0.00, #prealloc-req: 0, #transfer-req: 0, #retracted-req: 0, cuda graph: True, gen throughput (token/s): 12194.78, #queue-req: 853, 
[2025-11-22 23:24:45 DP0 TP0 EP0] Decode batch, #running-req: 1024, #token: 1987584, token usage: 0.64, pre-allocated usage: 0.00, #prealloc-req: 0, #transfer-req: 0, #retracted-req: 0, cuda graph: True, gen throughput (token/s): 12387.82, #queue-req: 853, 
[2025-11-22 23:24:45 DP0 TP0 EP0] Decode batch, #running-req: 1024, #token: 1987584, token usage: 0.64, pre-allocated usage: 0.00, #prealloc-req: 0, #transfer-req: 0, #retracted-req: 0, cuda graph: True, gen throughput (token/s): 12302.81, #queue-req: 853, 
[2025-11-22 23:24:45 DP0 TP0 EP0] Decode batch, #running-req: 1024, #token: 1987584, token usage: 0.64, pre-allocated usage: 0.00, #prealloc-req: 0, #transfer-req: 0, #retracted-req: 0, cuda graph: True, gen throughput (token/s): 12405.77, #queue-req: 853, 
[2025-11-22 23:24:46 DP0 TP0 EP0] Decode batch, #running-req: 1024, #token: 1987584, token usage: 0.64, pre-allocated usage: 0.00, #prealloc-req: 0, #transfer-req: 0, #retracted-req: 0, cuda graph: True, gen throughput (token/s): 12424.36, #queue-req: 853, 
[2025-11-22 23:24:46 DP0 TP0 EP0] Decode batch, #running-req: 1024, #token: 1987584, token usage: 0.64, pre-allocated usage: 0.00, #prealloc-req: 0, #transfer-req: 0, #retracted-req: 0, cuda graph: True, gen throughput (token/s): 12292.51, #queue-req: 853, 
[2025-11-22 23:24:46 DP0 TP0 EP0] Decode batch, #running-req: 1024, #token: 1987584, token usage: 0.64, pre-allocated usage: 0.00, #prealloc-req: 0, #transfer-req: 0, #retracted-req: 0, cuda graph: True, gen throughput (token/s): 12386.15, #queue-req: 853, 
[2025-11-22 23:24:46 DP0 TP0 EP0] Decode batch, #running-req: 1024, #token: 1987584, token usage: 0.64, pre-allocated usage: 0.00, #prealloc-req: 0, #transfer-req: 0, #retracted-req: 0, cuda graph: True, gen throughput (token/s): 12448.48, #queue-req: 853, 
[2025-11-22 23:24:46 DP0 TP0 EP0] Decode batch, #running-req: 1024, #token: 1987584, token usage: 0.64, pre-allocated usage: 0.00, #prealloc-req: 0, #transfer-req: 0, #retracted-req: 0, cuda graph: True, gen throughput (token/s): 12571.39, #queue-req: 853, 
[2025-11-22 23:24:46 DP0 TP0 EP0] Decode batch, #running-req: 1024, #token: 1987584, token usage: 0.64, pre-allocated usage: 0.00, #prealloc-req: 0, #transfer-req: 0, #retracted-req: 0, cuda graph: True, gen throughput (token/s): 12413.81, #queue-req: 853, 
[2025-11-22 23:24:46 DP0 TP0 EP0] Decode batch, #running-req: 1024, #token: 1987584, token usage: 0.64, pre-allocated usage: 0.00, #prealloc-req: 0, #transfer-req: 0, #retracted-req: 0, cuda graph: True, gen throughput (token/s): 12305.87, #queue-req: 853, 
[2025-11-22 23:24:46 DP0 TP0 EP0] Decode batch, #running-req: 1024, #token: 1987584, token usage: 0.64, pre-allocated usage: 0.00, #prealloc-req: 0, #transfer-req: 0, #retracted-req: 0, cuda graph: True, gen throughput (token/s): 12486.37, #queue-req: 853, 
[2025-11-22 23:24:46 DP0 TP0 EP0] Decode batch, #running-req: 1024, #token: 1987584, token usage: 0.64, pre-allocated usage: 0.00, #prealloc-req: 0, #transfer-req: 0, #retracted-req: 0, cuda graph: True, gen throughput (token/s): 12555.03, #queue-req: 853, 
[2025-11-22 23:24:46 DP0 TP0 EP0] Decode batch, #running-req: 1024, #token: 1987584, token usage: 0.64, pre-allocated usage: 0.00, #prealloc-req: 0, #transfer-req: 0, #retracted-req: 0, cuda graph: True, gen throughput (token/s): 12735.88, #queue-req: 853, 
[2025-11-22 23:24:46 DP0 TP0 EP0] Decode batch, #running-req: 1024, #token: 1987584, token usage: 0.64, pre-allocated usage: 0.00, #prealloc-req: 0, #transfer-req: 0, #retracted-req: 0, cuda graph: True, gen throughput (token/s): 12557.15, #queue-req: 853, 
[2025-11-22 23:24:46 DP0 TP0 EP0] Decode batch, #running-req: 1024, #token: 1987584, token usage: 0.64, pre-allocated usage: 0.00, #prealloc-req: 0, #transfer-req: 0, #retracted-req: 0, cuda graph: True, gen throughput (token/s): 12433.66, #queue-req: 853, 
[2025-11-22 23:24:47 DP0 TP0 EP0] Decode batch, #running-req: 1024, #token: 1987584, token usage: 0.64, pre-allocated usage: 0.00, #prealloc-req: 0, #transfer-req: 0, #retracted-req: 0, cuda graph: True, gen throughput (token/s): 12656.94, #queue-req: 853, 
[2025-11-22 23:24:47 DP0 TP0 EP0] Decode batch, #running-req: 1024, #token: 1987584, token usage: 0.64, pre-allocated usage: 0.00, #prealloc-req: 0, #transfer-req: 0, #retracted-req: 0, cuda graph: True, gen throughput (token/s): 12704.50, #queue-req: 853, 
[2025-11-22 23:24:47 DP0 TP0 EP0] Decode batch, #running-req: 1024, #token: 1987584, token usage: 0.64, pre-allocated usage: 0.00, #prealloc-req: 0, #transfer-req: 0, #retracted-req: 0, cuda graph: True, gen throughput (token/s): 12742.06, #queue-req: 853, 
[2025-11-22 23:24:47 DP0 TP0 EP0] Decode batch, #running-req: 1024, #token: 1987584, token usage: 0.64, pre-allocated usage: 0.00, #prealloc-req: 0, #transfer-req: 0, #retracted-req: 0, cuda graph: True, gen throughput (token/s): 12702.16, #queue-req: 853, 
[2025-11-22 23:24:47 DP0 TP0 EP0] Decode batch, #running-req: 1024, #token: 1987584, token usage: 0.64, pre-allocated usage: 0.00, #prealloc-req: 0, #transfer-req: 0, #retracted-req: 0, cuda graph: True, gen throughput (token/s): 12815.67, #queue-req: 853, 
[2025-11-22 23:24:47 DP0 TP0 EP0] Decode batch, #running-req: 1024, #token: 1987584, token usage: 0.64, pre-allocated usage: 0.00, #prealloc-req: 0, #transfer-req: 0, #retracted-req: 0, cuda graph: True, gen throughput (token/s): 12766.92, #queue-req: 853, 
[2025-11-22 23:24:47 DP0 TP0 EP0] Decode batch, #running-req: 1024, #token: 1987584, token usage: 0.64, pre-allocated usage: 0.00, #prealloc-req: 0, #transfer-req: 0, #retracted-req: 0, cuda graph: True, gen throughput (token/s): 12741.95, #queue-req: 853, 
[2025-11-22 23:24:47 DP0 TP0 EP0] Decode batch, #running-req: 1024, #token: 1987584, token usage: 0.64, pre-allocated usage: 0.00, #prealloc-req: 0, #transfer-req: 0, #retracted-req: 0, cuda graph: True, gen throughput (token/s): 12779.30, #queue-req: 853, 
[2025-11-22 23:24:47 DP0 TP0 EP0] Decode batch, #running-req: 1024, #token: 1987584, token usage: 0.64, pre-allocated usage: 0.00, #prealloc-req: 0, #transfer-req: 0, #retracted-req: 0, cuda graph: True, gen throughput (token/s): 12553.26, #queue-req: 853, 
[2025-11-22 23:24:47 DP0 TP0 EP0] Decode batch, #running-req: 1024, #token: 1987584, token usage: 0.64, pre-allocated usage: 0.00, #prealloc-req: 0, #transfer-req: 0, #retracted-req: 0, cuda graph: True, gen throughput (token/s): 12687.73, #queue-req: 853, 
[2025-11-22 23:24:47 DP0 TP0 EP0] Decode batch, #running-req: 1024, #token: 1987584, token usage: 0.64, pre-allocated usage: 0.00, #prealloc-req: 0, #transfer-req: 0, #retracted-req: 0, cuda graph: True, gen throughput (token/s): 12806.46, #queue-req: 853, 
[2025-11-22 23:24:47 DP0 TP0 EP0] Decode batch, #running-req: 1024, #token: 1987584, token usage: 0.64, pre-allocated usage: 0.00, #prealloc-req: 0, #transfer-req: 0, #retracted-req: 0, cuda graph: True, gen throughput (token/s): 12805.82, #queue-req: 853, 
[2025-11-22 23:24:47 DP0 TP0 EP0] Decode batch, #running-req: 1024, #token: 1987584, token usage: 0.64, pre-allocated usage: 0.00, #prealloc-req: 0, #transfer-req: 0, #retracted-req: 0, cuda graph: True, gen throughput (token/s): 12857.54, #queue-req: 853, 
[2025-11-22 23:24:48 DP0 TP0 EP0] Decode batch, #running-req: 1024, #token: 1987584, token usage: 0.64, pre-allocated usage: 0.00, #prealloc-req: 0, #transfer-req: 0, #retracted-req: 0, cuda graph: True, gen throughput (token/s): 12809.67, #queue-req: 853, 
[2025-11-22 23:24:48 DP0 TP0 EP0] Decode batch, #running-req: 1024, #token: 1987584, token usage: 0.64, pre-allocated usage: 0.00, #prealloc-req: 0, #transfer-req: 0, #retracted-req: 0, cuda graph: True, gen throughput (token/s): 12676.38, #queue-req: 853, 
[2025-11-22 23:24:48 DP0 TP0 EP0] Decode batch, #running-req: 1024, #token: 1987584, token usage: 0.64, pre-allocated usage: 0.00, #prealloc-req: 0, #transfer-req: 0, #retracted-req: 0, cuda graph: True, gen throughput (token/s): 12853.48, #queue-req: 853, 
[2025-11-22 23:24:48 DP0 TP0 EP0] Decode batch, #running-req: 1024, #token: 1987584, token usage: 0.64, pre-allocated usage: 0.00, #prealloc-req: 0, #transfer-req: 0, #retracted-req: 0, cuda graph: True, gen throughput (token/s): 12717.40, #queue-req: 853, 
[2025-11-22 23:24:48 DP0 TP0 EP0] Decode batch, #running-req: 1024, #token: 1987584, token usage: 0.64, pre-allocated usage: 0.00, #prealloc-req: 0, #transfer-req: 0, #retracted-req: 0, cuda graph: True, gen throughput (token/s): 12894.19, #queue-req: 853, 
[2025-11-22 23:24:48 DP0 TP0 EP0] Decode batch, #running-req: 1024, #token: 1987584, token usage: 0.64, pre-allocated usage: 0.00, #prealloc-req: 0, #transfer-req: 0, #retracted-req: 0, cuda graph: True, gen throughput (token/s): 12820.39, #queue-req: 853, 
[2025-11-22 23:24:48 DP0 TP0 EP0] Decode batch, #running-req: 1024, #token: 1987584, token usage: 0.64, pre-allocated usage: 0.00, #prealloc-req: 0, #transfer-req: 0, #retracted-req: 0, cuda graph: True, gen throughput (token/s): 12835.52, #queue-req: 853, 
[2025-11-22 23:24:48 DP0 TP0 EP0] Decode batch, #running-req: 1024, #token: 1987584, token usage: 0.64, pre-allocated usage: 0.00, #prealloc-req: 0, #transfer-req: 0, #retracted-req: 0, cuda graph: True, gen throughput (token/s): 12958.90, #queue-req: 853, 
[2025-11-22 23:24:48 DP0 TP0 EP0] Decode batch, #running-req: 1024, #token: 1987584, token usage: 0.64, pre-allocated usage: 0.00, #prealloc-req: 0, #transfer-req: 0, #retracted-req: 0, cuda graph: True, gen throughput (token/s): 12839.02, #queue-req: 853, 
[2025-11-22 23:24:48 DP0 TP0 EP0] Decode batch, #running-req: 1024, #token: 1987584, token usage: 0.64, pre-allocated usage: 0.00, #prealloc-req: 0, #transfer-req: 0, #retracted-req: 0, cuda graph: True, gen throughput (token/s): 12873.60, #queue-req: 853, 
[2025-11-22 23:24:48 DP0 TP0 EP0] Decode batch, #running-req: 1024, #token: 1987584, token usage: 0.64, pre-allocated usage: 0.00, #prealloc-req: 0, #transfer-req: 0, #retracted-req: 0, cuda graph: True, gen throughput (token/s): 12873.63, #queue-req: 853, 
[2025-11-22 23:24:48 DP0 TP0 EP0] Decode batch, #running-req: 1024, #token: 1987584, token usage: 0.64, pre-allocated usage: 0.00, #prealloc-req: 0, #transfer-req: 0, #retracted-req: 0, cuda graph: True, gen throughput (token/s): 12954.90, #queue-req: 853, 
[2025-11-22 23:24:49 DP0 TP0 EP0] Decode batch, #running-req: 1024, #token: 1987584, token usage: 0.64, pre-allocated usage: 0.00, #prealloc-req: 0, #transfer-req: 0, #retracted-req: 0, cuda graph: True, gen throughput (token/s): 12983.16, #queue-req: 853, 
[2025-11-22 23:24:49 DP0 TP0 EP0] Decode batch, #running-req: 1024, #token: 1987584, token usage: 0.64, pre-allocated usage: 0.00, #prealloc-req: 0, #transfer-req: 0, #retracted-req: 0, cuda graph: True, gen throughput (token/s): 13103.31, #queue-req: 853, 
[2025-11-22 23:24:49 DP0 TP0 EP0] Decode batch, #running-req: 1024, #token: 1987584, token usage: 0.64, pre-allocated usage: 0.00, #prealloc-req: 0, #transfer-req: 0, #retracted-req: 0, cuda graph: True, gen throughput (token/s): 13010.16, #queue-req: 853, 
[2025-11-22 23:24:49 DP0 TP0 EP0] Decode batch, #running-req: 1024, #token: 1987584, token usage: 0.64, pre-allocated usage: 0.00, #prealloc-req: 0, #transfer-req: 0, #retracted-req: 0, cuda graph: True, gen throughput (token/s): 12992.79, #queue-req: 853, 
[2025-11-22 23:24:49 DP0 TP0 EP0] Decode batch, #running-req: 1024, #token: 1987584, token usage: 0.64, pre-allocated usage: 0.00, #prealloc-req: 0, #transfer-req: 0, #retracted-req: 0, cuda graph: True, gen throughput (token/s): 12867.14, #queue-req: 853, 
[2025-11-22 23:24:49 DP0 TP0 EP0] Decode batch, #running-req: 1024, #token: 1987584, token usage: 0.64, pre-allocated usage: 0.00, #prealloc-req: 0, #transfer-req: 0, #retracted-req: 0, cuda graph: True, gen throughput (token/s): 12900.43, #queue-req: 853, 
[2025-11-22 23:24:49 DP0 TP0 EP0] Decode batch, #running-req: 1024, #token: 1987584, token usage: 0.64, pre-allocated usage: 0.00, #prealloc-req: 0, #transfer-req: 0, #retracted-req: 0, cuda graph: True, gen throughput (token/s): 12883.11, #queue-req: 853, 
[2025-11-22 23:24:49 DP0 TP0 EP0] Decode batch, #running-req: 1024, #token: 1987584, token usage: 0.64, pre-allocated usage: 0.00, #prealloc-req: 0, #transfer-req: 0, #retracted-req: 0, cuda graph: True, gen throughput (token/s): 13064.68, #queue-req: 853, 
[2025-11-22 23:24:49 DP0 TP0 EP0] Decode batch, #running-req: 1024, #token: 1987584, token usage: 0.64, pre-allocated usage: 0.00, #prealloc-req: 0, #transfer-req: 0, #retracted-req: 0, cuda graph: True, gen throughput (token/s): 12893.14, #queue-req: 853, 
[2025-11-22 23:24:49 DP0 TP0 EP0] Decode batch, #running-req: 1024, #token: 1987584, token usage: 0.64, pre-allocated usage: 0.00, #prealloc-req: 0, #transfer-req: 0, #retracted-req: 0, cuda graph: True, gen throughput (token/s): 12914.71, #queue-req: 853, 
[2025-11-22 23:24:49 DP0 TP0 EP0] Decode batch, #running-req: 1024, #token: 1987584, token usage: 0.64, pre-allocated usage: 0.00, #prealloc-req: 0, #transfer-req: 0, #retracted-req: 0, cuda graph: True, gen throughput (token/s): 13142.76, #queue-req: 853, 
[2025-11-22 23:24:49 DP0 TP0 EP0] Decode batch, #running-req: 1024, #token: 1987584, token usage: 0.64, pre-allocated usage: 0.00, #prealloc-req: 0, #transfer-req: 0, #retracted-req: 0, cuda graph: True, gen throughput (token/s): 13041.62, #queue-req: 853, 
[2025-11-22 23:24:49 DP0 TP0 EP0] Decode batch, #running-req: 1024, #token: 1987584, token usage: 0.64, pre-allocated usage: 0.00, #prealloc-req: 0, #transfer-req: 0, #retracted-req: 0, cuda graph: True, gen throughput (token/s): 12997.48, #queue-req: 853, 
[2025-11-22 23:24:50 DP0 TP0 EP0] Decode batch, #running-req: 1024, #token: 1987584, token usage: 0.64, pre-allocated usage: 0.00, #prealloc-req: 0, #transfer-req: 0, #retracted-req: 0, cuda graph: True, gen throughput (token/s): 12861.81, #queue-req: 853, 
[2025-11-22 23:24:50 DP0 TP0 EP0] Decode batch, #running-req: 1024, #token: 1987584, token usage: 0.64, pre-allocated usage: 0.00, #prealloc-req: 0, #transfer-req: 0, #retracted-req: 0, cuda graph: True, gen throughput (token/s): 12777.83, #queue-req: 853, 
[2025-11-22 23:24:50 DP0 TP0 EP0] Decode batch, #running-req: 1024, #token: 1987584, token usage: 0.64, pre-allocated usage: 0.00, #prealloc-req: 0, #transfer-req: 0, #retracted-req: 0, cuda graph: True, gen throughput (token/s): 13002.08, #queue-req: 853, 
[2025-11-22 23:24:50 DP0 TP0 EP0] Decode batch, #running-req: 1024, #token: 1987584, token usage: 0.64, pre-allocated usage: 0.00, #prealloc-req: 0, #transfer-req: 0, #retracted-req: 0, cuda graph: True, gen throughput (token/s): 12973.88, #queue-req: 853, 
[2025-11-22 23:24:50 DP0 TP0 EP0] Decode batch, #running-req: 1024, #token: 1987584, token usage: 0.64, pre-allocated usage: 0.00, #prealloc-req: 0, #transfer-req: 0, #retracted-req: 0, cuda graph: True, gen throughput (token/s): 13007.10, #queue-req: 853, 
[2025-11-22 23:24:50 DP0 TP0 EP0] Decode batch, #running-req: 1024, #token: 1987584, token usage: 0.64, pre-allocated usage: 0.00, #prealloc-req: 0, #transfer-req: 0, #retracted-req: 0, cuda graph: True, gen throughput (token/s): 13015.96, #queue-req: 853, 
[2025-11-22 23:24:50 DP0 TP0 EP0] Decode batch, #running-req: 1024, #token: 1987584, token usage: 0.64, pre-allocated usage: 0.00, #prealloc-req: 0, #transfer-req: 0, #retracted-req: 0, cuda graph: True, gen throughput (token/s): 12876.65, #queue-req: 853, 
[2025-11-22 23:24:50 DP0 TP0 EP0] Decode batch, #running-req: 1024, #token: 1987584, token usage: 0.64, pre-allocated usage: 0.00, #prealloc-req: 0, #transfer-req: 0, #retracted-req: 0, cuda graph: True, gen throughput (token/s): 12920.47, #queue-req: 853, 
[2025-11-22 23:24:50 DP0 TP0 EP0] Decode batch, #running-req: 1024, #token: 2053120, token usage: 0.66, pre-allocated usage: 0.00, #prealloc-req: 0, #transfer-req: 0, #retracted-req: 0, cuda graph: True, gen throughput (token/s): 13043.61, #queue-req: 853, 
[2025-11-22 23:24:50 DP0 TP0 EP0] Decode batch, #running-req: 1024, #token: 2053120, token usage: 0.66, pre-allocated usage: 0.00, #prealloc-req: 0, #transfer-req: 0, #retracted-req: 0, cuda graph: True, gen throughput (token/s): 13047.75, #queue-req: 853, 
[2025-11-22 23:24:50 DP0 TP0 EP0] Decode batch, #running-req: 1024, #token: 2053120, token usage: 0.66, pre-allocated usage: 0.00, #prealloc-req: 0, #transfer-req: 0, #retracted-req: 0, cuda graph: True, gen throughput (token/s): 13042.39, #queue-req: 853, 
[2025-11-22 23:24:50 DP0 TP0 EP0] Decode batch, #running-req: 1024, #token: 2053120, token usage: 0.66, pre-allocated usage: 0.00, #prealloc-req: 0, #transfer-req: 0, #retracted-req: 0, cuda graph: True, gen throughput (token/s): 12902.23, #queue-req: 853, 
[2025-11-22 23:24:50 DP0 TP0 EP0] Decode batch, #running-req: 1024, #token: 2053120, token usage: 0.66, pre-allocated usage: 0.00, #prealloc-req: 0, #transfer-req: 0, #retracted-req: 0, cuda graph: True, gen throughput (token/s): 13016.46, #queue-req: 853, 
[2025-11-22 23:24:51 DP0 TP0 EP0] Decode batch, #running-req: 1024, #token: 2053120, token usage: 0.66, pre-allocated usage: 0.00, #prealloc-req: 0, #transfer-req: 0, #retracted-req: 0, cuda graph: True, gen throughput (token/s): 13095.23, #queue-req: 853, 
[2025-11-22 23:24:51 DP0 TP0 EP0] Decode batch, #running-req: 1024, #token: 2053120, token usage: 0.66, pre-allocated usage: 0.00, #prealloc-req: 0, #transfer-req: 0, #retracted-req: 0, cuda graph: True, gen throughput (token/s): 12928.64, #queue-req: 853, 
[2025-11-22 23:24:51 DP0 TP0 EP0] Decode batch, #running-req: 1024, #token: 2053120, token usage: 0.66, pre-allocated usage: 0.00, #prealloc-req: 0, #transfer-req: 0, #retracted-req: 0, cuda graph: True, gen throughput (token/s): 12994.42, #queue-req: 853, 
[2025-11-22 23:24:51 DP0 TP0 EP0] Decode batch, #running-req: 1024, #token: 2053120, token usage: 0.66, pre-allocated usage: 0.00, #prealloc-req: 0, #transfer-req: 0, #retracted-req: 0, cuda graph: True, gen throughput (token/s): 13114.29, #queue-req: 853, 
[2025-11-22 23:24:51 DP0 TP0 EP0] Decode batch, #running-req: 1024, #token: 2053120, token usage: 0.66, pre-allocated usage: 0.00, #prealloc-req: 0, #transfer-req: 0, #retracted-req: 0, cuda graph: True, gen throughput (token/s): 13166.16, #queue-req: 853, 
[2025-11-22 23:24:51 DP0 TP0 EP0] Decode batch, #running-req: 1024, #token: 2053120, token usage: 0.66, pre-allocated usage: 0.00, #prealloc-req: 0, #transfer-req: 0, #retracted-req: 0, cuda graph: True, gen throughput (token/s): 13244.05, #queue-req: 853, 
[2025-11-22 23:24:51 DP0 TP0 EP0] Decode batch, #running-req: 1024, #token: 2053120, token usage: 0.66, pre-allocated usage: 0.00, #prealloc-req: 0, #transfer-req: 0, #retracted-req: 0, cuda graph: True, gen throughput (token/s): 13087.73, #queue-req: 853, 
[2025-11-22 23:24:51 DP0 TP0 EP0] Decode batch, #running-req: 1024, #token: 2053120, token usage: 0.66, pre-allocated usage: 0.00, #prealloc-req: 0, #transfer-req: 0, #retracted-req: 0, cuda graph: True, gen throughput (token/s): 13154.63, #queue-req: 853, 
[2025-11-22 23:24:51 DP0 TP0 EP0] Decode batch, #running-req: 1024, #token: 2053120, token usage: 0.66, pre-allocated usage: 0.00, #prealloc-req: 0, #transfer-req: 0, #retracted-req: 0, cuda graph: True, gen throughput (token/s): 12956.85, #queue-req: 853, 
[2025-11-22 23:24:51 DP0 TP0 EP0] Decode batch, #running-req: 1024, #token: 2053120, token usage: 0.66, pre-allocated usage: 0.00, #prealloc-req: 0, #transfer-req: 0, #retracted-req: 0, cuda graph: True, gen throughput (token/s): 13199.33, #queue-req: 853, 
[2025-11-22 23:24:51 DP0 TP0 EP0] Decode batch, #running-req: 1024, #token: 2053120, token usage: 0.66, pre-allocated usage: 0.00, #prealloc-req: 0, #transfer-req: 0, #retracted-req: 0, cuda graph: True, gen throughput (token/s): 13135.06, #queue-req: 853, 
[2025-11-22 23:24:51 DP0 TP0 EP0] Decode batch, #running-req: 1024, #token: 2053120, token usage: 0.66, pre-allocated usage: 0.00, #prealloc-req: 0, #transfer-req: 0, #retracted-req: 0, cuda graph: True, gen throughput (token/s): 13258.39, #queue-req: 853, 
[2025-11-22 23:24:51 DP0 TP0 EP0] Decode batch, #running-req: 1024, #token: 2053120, token usage: 0.66, pre-allocated usage: 0.00, #prealloc-req: 0, #transfer-req: 0, #retracted-req: 0, cuda graph: True, gen throughput (token/s): 13181.16, #queue-req: 853, 
[2025-11-22 23:24:52 DP0 TP0 EP0] Decode batch, #running-req: 1024, #token: 2053120, token usage: 0.66, pre-allocated usage: 0.00, #prealloc-req: 0, #transfer-req: 0, #retracted-req: 0, cuda graph: True, gen throughput (token/s): 13154.82, #queue-req: 853, 
[2025-11-22 23:24:52 DP0 TP0 EP0] Decode batch, #running-req: 1024, #token: 2053120, token usage: 0.66, pre-allocated usage: 0.00, #prealloc-req: 0, #transfer-req: 0, #retracted-req: 0, cuda graph: True, gen throughput (token/s): 13123.39, #queue-req: 853, 
[2025-11-22 23:24:52 DP0 TP0 EP0] Decode batch, #running-req: 1024, #token: 2053120, token usage: 0.66, pre-allocated usage: 0.00, #prealloc-req: 0, #transfer-req: 0, #retracted-req: 0, cuda graph: True, gen throughput (token/s): 13135.20, #queue-req: 853, 
[2025-11-22 23:24:52 DP0 TP0 EP0] Decode batch, #running-req: 1024, #token: 2053120, token usage: 0.66, pre-allocated usage: 0.00, #prealloc-req: 0, #transfer-req: 0, #retracted-req: 0, cuda graph: True, gen throughput (token/s): 13290.77, #queue-req: 853, 
[2025-11-22 23:24:52 DP0 TP0 EP0] Decode batch, #running-req: 1024, #token: 2053120, token usage: 0.66, pre-allocated usage: 0.00, #prealloc-req: 0, #transfer-req: 0, #retracted-req: 0, cuda graph: True, gen throughput (token/s): 13258.22, #queue-req: 853, 
[2025-11-22 23:24:52 DP0 TP0 EP0] Decode batch, #running-req: 1024, #token: 2053120, token usage: 0.66, pre-allocated usage: 0.00, #prealloc-req: 0, #transfer-req: 0, #retracted-req: 0, cuda graph: True, gen throughput (token/s): 13142.14, #queue-req: 853, 
[2025-11-22 23:24:52 DP0 TP0 EP0] Decode batch, #running-req: 1024, #token: 2053120, token usage: 0.66, pre-allocated usage: 0.00, #prealloc-req: 0, #transfer-req: 0, #retracted-req: 0, cuda graph: True, gen throughput (token/s): 13281.82, #queue-req: 853, 
[2025-11-22 23:24:52 DP0 TP0 EP0] Decode batch, #running-req: 1024, #token: 2053120, token usage: 0.66, pre-allocated usage: 0.00, #prealloc-req: 0, #transfer-req: 0, #retracted-req: 0, cuda graph: True, gen throughput (token/s): 13105.28, #queue-req: 853, 
[2025-11-22 23:24:52 DP0 TP0 EP0] Decode batch, #running-req: 1024, #token: 2053120, token usage: 0.66, pre-allocated usage: 0.00, #prealloc-req: 0, #transfer-req: 0, #retracted-req: 0, cuda graph: True, gen throughput (token/s): 13221.92, #queue-req: 853, 
[2025-11-22 23:24:52 DP0 TP0 EP0] Decode batch, #running-req: 1024, #token: 2053120, token usage: 0.66, pre-allocated usage: 0.00, #prealloc-req: 0, #transfer-req: 0, #retracted-req: 0, cuda graph: True, gen throughput (token/s): 13062.44, #queue-req: 853, 
[2025-11-22 23:24:52 DP0 TP0 EP0] Decode batch, #running-req: 1024, #token: 2053120, token usage: 0.66, pre-allocated usage: 0.00, #prealloc-req: 0, #transfer-req: 0, #retracted-req: 0, cuda graph: True, gen throughput (token/s): 13159.85, #queue-req: 853, 
[2025-11-22 23:24:52 DP0 TP0 EP0] Profiling starts. Traces will be saved to: /lustre/fs1/portfolios/coreai/projects/coreai_devtech_all/users/shifangx/1.workspace/7.SGLang_PD/Scripts-SGLang/../torch_profiler (with profile id: 1763882692.8351896)
[2025-11-22 23:24:53 DP0 TP0 EP0] Decode batch, #running-req: 1024, #token: 2053120, token usage: 0.66, pre-allocated usage: 0.00, #prealloc-req: 0, #transfer-req: 0, #retracted-req: 0, cuda graph: True, gen throughput (token/s): 6892.73, #queue-req: 853, 
[2025-11-22 23:24:53 DP0 TP0 EP0] Decode batch, #running-req: 1024, #token: 2053120, token usage: 0.66, pre-allocated usage: 0.00, #prealloc-req: 0, #transfer-req: 0, #retracted-req: 0, cuda graph: True, gen throughput (token/s): 13324.23, #queue-req: 853, 
[2025-11-22 23:24:53 DP0 TP0 EP0] Decode batch, #running-req: 1024, #token: 2053120, token usage: 0.66, pre-allocated usage: 0.00, #prealloc-req: 0, #transfer-req: 0, #retracted-req: 0, cuda graph: True, gen throughput (token/s): 13146.41, #queue-req: 853, 
[2025-11-22 23:24:53 DP0 TP0 EP0] Decode batch, #running-req: 1024, #token: 2053120, token usage: 0.66, pre-allocated usage: 0.00, #prealloc-req: 0, #transfer-req: 0, #retracted-req: 0, cuda graph: True, gen throughput (token/s): 13180.73, #queue-req: 853, 
[2025-11-22 23:24:53 DP0 TP0 EP0] Stop profiling...
[2025-11-22 23:24:56 DP0 TP0 EP0] Profiling done. Traces are saved to: /lustre/fs1/portfolios/coreai/projects/coreai_devtech_all/users/shifangx/1.workspace/7.SGLang_PD/Scripts-SGLang/../torch_profiler
[2025-11-22 23:24:56 DP0 TP0 EP0] Decode batch, #running-req: 1024, #token: 2053120, token usage: 0.66, pre-allocated usage: 0.00, #prealloc-req: 0, #transfer-req: 0, #retracted-req: 0, cuda graph: True, gen throughput (token/s): 335.15, #queue-req: 853, 
[2025-11-22 23:24:56 DP0 TP0 EP0] Decode batch, #running-req: 1024, #token: 2053120, token usage: 0.66, pre-allocated usage: 0.00, #prealloc-req: 0, #transfer-req: 0, #retracted-req: 0, cuda graph: True, gen throughput (token/s): 3663.87, #queue-req: 853, 
[2025-11-22 23:24:56 DP0 TP0 EP0] Decode batch, #running-req: 1024, #token: 2053120, token usage: 0.66, pre-allocated usage: 0.00, #prealloc-req: 0, #transfer-req: 0, #retracted-req: 0, cuda graph: True, gen throughput (token/s): 13070.74, #queue-req: 853, 
[2025-11-22 23:24:56 DP0 TP0 EP0] Decode batch, #running-req: 1024, #token: 2053120, token usage: 0.66, pre-allocated usage: 0.00, #prealloc-req: 0, #transfer-req: 0, #retracted-req: 0, cuda graph: True, gen throughput (token/s): 13016.86, #queue-req: 853, 
[2025-11-22 23:24:56 DP0 TP0 EP0] Decode batch, #running-req: 1024, #token: 2053120, token usage: 0.66, pre-allocated usage: 0.00, #prealloc-req: 0, #transfer-req: 0, #retracted-req: 0, cuda graph: True, gen throughput (token/s): 12990.24, #queue-req: 853, 
[2025-11-22 23:24:56 DP0 TP0 EP0] Decode batch, #running-req: 1024, #token: 2053120, token usage: 0.66, pre-allocated usage: 0.00, #prealloc-req: 0, #transfer-req: 0, #retracted-req: 0, cuda graph: True, gen throughput (token/s): 13173.99, #queue-req: 853, 
[2025-11-22 23:24:56 DP0 TP0 EP0] Decode batch, #running-req: 1024, #token: 2053120, token usage: 0.66, pre-allocated usage: 0.00, #prealloc-req: 0, #transfer-req: 0, #retracted-req: 0, cuda graph: True, gen throughput (token/s): 12907.06, #queue-req: 853, 
[2025-11-22 23:24:57 DP0 TP0 EP0] Decode batch, #running-req: 1024, #token: 2053120, token usage: 0.66, pre-allocated usage: 0.00, #prealloc-req: 0, #transfer-req: 0, #retracted-req: 0, cuda graph: True, gen throughput (token/s): 13040.18, #queue-req: 853, 
[2025-11-22 23:24:57 DP0 TP0 EP0] Decode batch, #running-req: 1024, #token: 2053120, token usage: 0.66, pre-allocated usage: 0.00, #prealloc-req: 0, #transfer-req: 0, #retracted-req: 0, cuda graph: True, gen throughput (token/s): 13248.23, #queue-req: 853, 
[2025-11-22 23:24:57 DP0 TP0 EP0] Decode batch, #running-req: 1024, #token: 2053120, token usage: 0.66, pre-allocated usage: 0.00, #prealloc-req: 0, #transfer-req: 0, #retracted-req: 0, cuda graph: True, gen throughput (token/s): 12960.25, #queue-req: 853, 
[2025-11-22 23:24:57 DP0 TP0 EP0] Decode batch, #running-req: 1024, #token: 2053120, token usage: 0.66, pre-allocated usage: 0.00, #prealloc-req: 0, #transfer-req: 0, #retracted-req: 0, cuda graph: True, gen throughput (token/s): 13053.29, #queue-req: 853, 
[2025-11-22 23:24:57 DP0 TP0 EP0] Decode batch, #running-req: 1024, #token: 2053120, token usage: 0.66, pre-allocated usage: 0.00, #prealloc-req: 0, #transfer-req: 0, #retracted-req: 0, cuda graph: True, gen throughput (token/s): 13104.82, #queue-req: 853, 
[2025-11-22 23:24:57 DP0 TP0 EP0] Decode batch, #running-req: 1024, #token: 2053120, token usage: 0.66, pre-allocated usage: 0.00, #prealloc-req: 0, #transfer-req: 0, #retracted-req: 0, cuda graph: True, gen throughput (token/s): 13324.08, #queue-req: 853, 
[2025-11-22 23:24:57 DP0 TP0 EP0] Decode batch, #running-req: 1024, #token: 2053120, token usage: 0.66, pre-allocated usage: 0.00, #prealloc-req: 0, #transfer-req: 0, #retracted-req: 0, cuda graph: True, gen throughput (token/s): 13062.27, #queue-req: 853, 
[2025-11-22 23:24:57 DP0 TP0 EP0] Decode batch, #running-req: 1024, #token: 2053120, token usage: 0.66, pre-allocated usage: 0.00, #prealloc-req: 0, #transfer-req: 0, #retracted-req: 0, cuda graph: True, gen throughput (token/s): 13125.28, #queue-req: 853, 
[2025-11-22 23:24:57 DP0 TP0 EP0] Decode batch, #running-req: 1024, #token: 2053120, token usage: 0.66, pre-allocated usage: 0.00, #prealloc-req: 0, #transfer-req: 0, #retracted-req: 0, cuda graph: True, gen throughput (token/s): 13109.41, #queue-req: 853, 
[2025-11-22 23:24:57 DP0 TP0 EP0] Decode batch, #running-req: 1024, #token: 2053120, token usage: 0.66, pre-allocated usage: 0.00, #prealloc-req: 0, #transfer-req: 0, #retracted-req: 0, cuda graph: True, gen throughput (token/s): 12762.82, #queue-req: 853, 
[2025-11-22 23:24:57 DP0 TP0 EP0] Decode batch, #running-req: 1024, #token: 2053120, token usage: 0.66, pre-allocated usage: 0.00, #prealloc-req: 0, #transfer-req: 0, #retracted-req: 0, cuda graph: True, gen throughput (token/s): 13057.97, #queue-req: 853, 
[2025-11-22 23:24:57 DP0 TP0 EP0] Decode batch, #running-req: 1024, #token: 2053120, token usage: 0.66, pre-allocated usage: 0.00, #prealloc-req: 0, #transfer-req: 0, #retracted-req: 0, cuda graph: True, gen throughput (token/s): 13267.62, #queue-req: 853, 
[2025-11-22 23:24:57 DP0 TP0 EP0] Decode batch, #running-req: 1024, #token: 2053120, token usage: 0.66, pre-allocated usage: 0.00, #prealloc-req: 0, #transfer-req: 0, #retracted-req: 0, cuda graph: True, gen throughput (token/s): 13159.06, #queue-req: 853, 
[2025-11-22 23:24:58 DP0 TP0 EP0] Decode batch, #running-req: 1024, #token: 2053120, token usage: 0.66, pre-allocated usage: 0.00, #prealloc-req: 0, #transfer-req: 0, #retracted-req: 0, cuda graph: True, gen throughput (token/s): 13028.34, #queue-req: 853, 
[2025-11-22 23:24:58 DP0 TP0 EP0] Decode batch, #running-req: 1024, #token: 2053120, token usage: 0.66, pre-allocated usage: 0.00, #prealloc-req: 0, #transfer-req: 0, #retracted-req: 0, cuda graph: True, gen throughput (token/s): 13037.48, #queue-req: 853, 
[2025-11-22 23:24:58 DP0 TP0 EP0] Decode batch, #running-req: 1024, #token: 2053120, token usage: 0.66, pre-allocated usage: 0.00, #prealloc-req: 0, #transfer-req: 0, #retracted-req: 0, cuda graph: True, gen throughput (token/s): 13290.20, #queue-req: 853, 
[2025-11-22 23:24:58 DP0 TP0 EP0] Decode batch, #running-req: 1024, #token: 2053120, token usage: 0.66, pre-allocated usage: 0.00, #prealloc-req: 0, #transfer-req: 0, #retracted-req: 0, cuda graph: True, gen throughput (token/s): 13021.96, #queue-req: 853, 
[2025-11-22 23:24:58 DP0 TP0 EP0] Decode batch, #running-req: 1024, #token: 2053120, token usage: 0.66, pre-allocated usage: 0.00, #prealloc-req: 0, #transfer-req: 0, #retracted-req: 0, cuda graph: True, gen throughput (token/s): 13055.05, #queue-req: 853, 
[2025-11-22 23:24:58 DP0 TP0 EP0] Decode batch, #running-req: 1024, #token: 2053120, token usage: 0.66, pre-allocated usage: 0.00, #prealloc-req: 0, #transfer-req: 0, #retracted-req: 0, cuda graph: True, gen throughput (token/s): 13057.88, #queue-req: 853, 
[2025-11-22 23:24:58 DP0 TP0 EP0] Decode batch, #running-req: 1024, #token: 2053120, token usage: 0.66, pre-allocated usage: 0.00, #prealloc-req: 0, #transfer-req: 0, #retracted-req: 0, cuda graph: True, gen throughput (token/s): 13189.09, #queue-req: 853, 
[2025-11-22 23:24:58 DP0 TP0 EP0] Decode batch, #running-req: 1024, #token: 2053120, token usage: 0.66, pre-allocated usage: 0.00, #prealloc-req: 0, #transfer-req: 0, #retracted-req: 0, cuda graph: True, gen throughput (token/s): 13288.16, #queue-req: 853, 
[2025-11-22 23:24:58 DP0 TP0 EP0] Decode batch, #running-req: 1024, #token: 2053120, token usage: 0.66, pre-allocated usage: 0.00, #prealloc-req: 0, #transfer-req: 0, #retracted-req: 0, cuda graph: True, gen throughput (token/s): 13317.70, #queue-req: 853, 
[2025-11-22 23:24:58 DP0 TP0 EP0] Decode batch, #running-req: 1024, #token: 2053120, token usage: 0.66, pre-allocated usage: 0.00, #prealloc-req: 0, #transfer-req: 0, #retracted-req: 0, cuda graph: True, gen throughput (token/s): 13276.31, #queue-req: 853, 
[2025-11-22 23:24:58 DP0 TP0 EP0] Decode batch, #running-req: 1024, #token: 2053120, token usage: 0.66, pre-allocated usage: 0.00, #prealloc-req: 0, #transfer-req: 0, #retracted-req: 0, cuda graph: True, gen throughput (token/s): 13205.54, #queue-req: 853, 
[2025-11-22 23:24:58 DP0 TP0 EP0] Decode batch, #running-req: 1024, #token: 2118656, token usage: 0.68, pre-allocated usage: 0.00, #prealloc-req: 0, #transfer-req: 0, #retracted-req: 0, cuda graph: True, gen throughput (token/s): 13165.00, #queue-req: 853, 
[2025-11-22 23:24:58 DP0 TP0 EP0] Decode batch, #running-req: 1024, #token: 2118656, token usage: 0.68, pre-allocated usage: 0.00, #prealloc-req: 0, #transfer-req: 0, #retracted-req: 0, cuda graph: True, gen throughput (token/s): 13210.71, #queue-req: 853, 
[2025-11-22 23:24:59 DP0 TP0 EP0] Decode batch, #running-req: 1024, #token: 2118656, token usage: 0.68, pre-allocated usage: 0.00, #prealloc-req: 0, #transfer-req: 0, #retracted-req: 0, cuda graph: True, gen throughput (token/s): 13140.83, #queue-req: 853, 
[2025-11-22 23:24:59 DP0 TP0 EP0] Decode batch, #running-req: 1024, #token: 2118656, token usage: 0.68, pre-allocated usage: 0.00, #prealloc-req: 0, #transfer-req: 0, #retracted-req: 0, cuda graph: True, gen throughput (token/s): 13254.55, #queue-req: 853, 
[2025-11-22 23:24:59 DP0 TP0 EP0] Decode batch, #running-req: 1024, #token: 2118656, token usage: 0.68, pre-allocated usage: 0.00, #prealloc-req: 0, #transfer-req: 0, #retracted-req: 0, cuda graph: True, gen throughput (token/s): 13009.41, #queue-req: 853, 
[2025-11-22 23:24:59 DP0 TP0 EP0] Decode batch, #running-req: 1024, #token: 2118656, token usage: 0.68, pre-allocated usage: 0.00, #prealloc-req: 0, #transfer-req: 0, #retracted-req: 0, cuda graph: True, gen throughput (token/s): 13196.16, #queue-req: 853, 
[2025-11-22 23:24:59 DP0 TP0 EP0] Decode batch, #running-req: 1024, #token: 2118656, token usage: 0.68, pre-allocated usage: 0.00, #prealloc-req: 0, #transfer-req: 0, #retracted-req: 0, cuda graph: True, gen throughput (token/s): 13269.28, #queue-req: 853, 
[2025-11-22 23:24:59 DP0 TP0 EP0] Decode batch, #running-req: 1024, #token: 2118656, token usage: 0.68, pre-allocated usage: 0.00, #prealloc-req: 0, #transfer-req: 0, #retracted-req: 0, cuda graph: True, gen throughput (token/s): 13207.44, #queue-req: 853, 
[2025-11-22 23:24:59 DP0 TP0 EP0] Decode batch, #running-req: 1024, #token: 2118656, token usage: 0.68, pre-allocated usage: 0.00, #prealloc-req: 0, #transfer-req: 0, #retracted-req: 0, cuda graph: True, gen throughput (token/s): 13185.98, #queue-req: 853, 
[2025-11-22 23:24:59 DP0 TP0 EP0] Decode batch, #running-req: 1024, #token: 2118656, token usage: 0.68, pre-allocated usage: 0.00, #prealloc-req: 0, #transfer-req: 0, #retracted-req: 0, cuda graph: True, gen throughput (token/s): 13071.82, #queue-req: 853, 
[2025-11-22 23:24:59 DP0 TP0 EP0] Decode batch, #running-req: 1024, #token: 2118656, token usage: 0.68, pre-allocated usage: 0.00, #prealloc-req: 0, #transfer-req: 0, #retracted-req: 0, cuda graph: True, gen throughput (token/s): 13186.96, #queue-req: 853, 
[2025-11-22 23:24:59 DP0 TP0 EP0] Decode batch, #running-req: 1024, #token: 2118656, token usage: 0.68, pre-allocated usage: 0.00, #prealloc-req: 0, #transfer-req: 0, #retracted-req: 0, cuda graph: True, gen throughput (token/s): 13295.68, #queue-req: 853, 
[2025-11-22 23:24:59 DP0 TP0 EP0] Decode batch, #running-req: 1024, #token: 2118656, token usage: 0.68, pre-allocated usage: 0.00, #prealloc-req: 0, #transfer-req: 0, #retracted-req: 0, cuda graph: True, gen throughput (token/s): 13312.11, #queue-req: 853, 
[2025-11-22 23:24:59 DP0 TP0 EP0] Decode batch, #running-req: 1024, #token: 2118656, token usage: 0.68, pre-allocated usage: 0.00, #prealloc-req: 0, #transfer-req: 0, #retracted-req: 0, cuda graph: True, gen throughput (token/s): 13112.33, #queue-req: 853, 
[2025-11-22 23:24:59 DP0 TP0 EP0] Decode batch, #running-req: 1024, #token: 2118656, token usage: 0.68, pre-allocated usage: 0.00, #prealloc-req: 0, #transfer-req: 0, #retracted-req: 0, cuda graph: True, gen throughput (token/s): 13278.25, #queue-req: 853, 
[2025-11-22 23:25:00 DP0 TP0 EP0] Decode batch, #running-req: 1024, #token: 2118656, token usage: 0.68, pre-allocated usage: 0.00, #prealloc-req: 0, #transfer-req: 0, #retracted-req: 0, cuda graph: True, gen throughput (token/s): 13116.00, #queue-req: 853, 
[2025-11-22 23:25:00 DP0 TP0 EP0] Decode batch, #running-req: 1024, #token: 2118656, token usage: 0.68, pre-allocated usage: 0.00, #prealloc-req: 0, #transfer-req: 0, #retracted-req: 0, cuda graph: True, gen throughput (token/s): 13201.63, #queue-req: 853, 
[2025-11-22 23:25:00 DP0 TP0 EP0] Decode batch, #running-req: 1024, #token: 2118656, token usage: 0.68, pre-allocated usage: 0.00, #prealloc-req: 0, #transfer-req: 0, #retracted-req: 0, cuda graph: True, gen throughput (token/s): 13222.53, #queue-req: 853, 
[2025-11-22 23:25:00 DP0 TP0 EP0] Decode batch, #running-req: 1024, #token: 2118656, token usage: 0.68, pre-allocated usage: 0.00, #prealloc-req: 0, #transfer-req: 0, #retracted-req: 0, cuda graph: True, gen throughput (token/s): 13298.27, #queue-req: 853, 
[2025-11-22 23:25:00 DP0 TP0 EP0] Decode batch, #running-req: 1024, #token: 2118656, token usage: 0.68, pre-allocated usage: 0.00, #prealloc-req: 0, #transfer-req: 0, #retracted-req: 0, cuda graph: True, gen throughput (token/s): 13091.67, #queue-req: 853, 
[2025-11-22 23:25:00 DP0 TP0 EP0] Decode batch, #running-req: 1024, #token: 2118656, token usage: 0.68, pre-allocated usage: 0.00, #prealloc-req: 0, #transfer-req: 0, #retracted-req: 0, cuda graph: True, gen throughput (token/s): 13260.46, #queue-req: 853, 
[2025-11-22 23:25:00 DP0 TP0 EP0] Decode batch, #running-req: 1024, #token: 2118656, token usage: 0.68, pre-allocated usage: 0.00, #prealloc-req: 0, #transfer-req: 0, #retracted-req: 0, cuda graph: True, gen throughput (token/s): 13274.53, #queue-req: 853, 
[2025-11-22 23:25:00 DP0 TP0 EP0] Decode batch, #running-req: 1024, #token: 2118656, token usage: 0.68, pre-allocated usage: 0.00, #prealloc-req: 0, #transfer-req: 0, #retracted-req: 0, cuda graph: True, gen throughput (token/s): 13057.61, #queue-req: 853, 
[2025-11-22 23:25:00 DP0 TP0 EP0] Decode batch, #running-req: 1024, #token: 2118656, token usage: 0.68, pre-allocated usage: 0.00, #prealloc-req: 0, #transfer-req: 0, #retracted-req: 0, cuda graph: True, gen throughput (token/s): 13076.98, #queue-req: 853, 
[2025-11-22 23:25:00 DP0 TP0 EP0] Decode batch, #running-req: 1024, #token: 2118656, token usage: 0.68, pre-allocated usage: 0.00, #prealloc-req: 0, #transfer-req: 0, #retracted-req: 0, cuda graph: True, gen throughput (token/s): 13377.59, #queue-req: 853, 
[2025-11-22 23:25:00 DP0 TP0 EP0] Decode batch, #running-req: 1024, #token: 2118656, token usage: 0.68, pre-allocated usage: 0.00, #prealloc-req: 0, #transfer-req: 0, #retracted-req: 0, cuda graph: True, gen throughput (token/s): 13236.88, #queue-req: 853, 
[2025-11-22 23:25:00 DP0 TP0 EP0] Decode batch, #running-req: 1024, #token: 2118656, token usage: 0.68, pre-allocated usage: 0.00, #prealloc-req: 0, #transfer-req: 0, #retracted-req: 0, cuda graph: True, gen throughput (token/s): 13229.60, #queue-req: 853, 
[2025-11-22 23:25:01 DP0 TP0 EP0] Decode batch, #running-req: 1024, #token: 2118656, token usage: 0.68, pre-allocated usage: 0.00, #prealloc-req: 0, #transfer-req: 0, #retracted-req: 0, cuda graph: True, gen throughput (token/s): 13249.33, #queue-req: 853, 
[2025-11-22 23:25:01 DP0 TP0 EP0] Decode batch, #running-req: 1024, #token: 2118656, token usage: 0.68, pre-allocated usage: 0.00, #prealloc-req: 0, #transfer-req: 0, #retracted-req: 0, cuda graph: True, gen throughput (token/s): 13234.01, #queue-req: 853, 
[2025-11-22 23:25:01 DP0 TP0 EP0] Decode batch, #running-req: 1024, #token: 2118656, token usage: 0.68, pre-allocated usage: 0.00, #prealloc-req: 0, #transfer-req: 0, #retracted-req: 0, cuda graph: True, gen throughput (token/s): 13229.65, #queue-req: 853, 
[2025-11-22 23:25:01 DP0 TP0 EP0] Decode batch, #running-req: 1024, #token: 2118656, token usage: 0.68, pre-allocated usage: 0.00, #prealloc-req: 0, #transfer-req: 0, #retracted-req: 0, cuda graph: True, gen throughput (token/s): 13121.02, #queue-req: 853, 
[2025-11-22 23:25:01 DP0 TP0 EP0] Decode batch, #running-req: 1024, #token: 2118656, token usage: 0.68, pre-allocated usage: 0.00, #prealloc-req: 0, #transfer-req: 0, #retracted-req: 0, cuda graph: True, gen throughput (token/s): 13207.77, #queue-req: 853, 
[2025-11-22 23:25:01 DP0 TP0 EP0] Decode batch, #running-req: 1024, #token: 2118656, token usage: 0.68, pre-allocated usage: 0.00, #prealloc-req: 0, #transfer-req: 0, #retracted-req: 0, cuda graph: True, gen throughput (token/s): 13288.27, #queue-req: 853, 
[2025-11-22 23:25:01 DP0 TP0 EP0] Decode batch, #running-req: 1024, #token: 2118656, token usage: 0.68, pre-allocated usage: 0.00, #prealloc-req: 0, #transfer-req: 0, #retracted-req: 0, cuda graph: True, gen throughput (token/s): 13317.07, #queue-req: 853, 
[2025-11-22 23:25:01 DP0 TP0 EP0] Decode batch, #running-req: 1024, #token: 2118656, token usage: 0.68, pre-allocated usage: 0.00, #prealloc-req: 0, #transfer-req: 0, #retracted-req: 0, cuda graph: True, gen throughput (token/s): 13174.15, #queue-req: 853, 
[2025-11-22 23:25:01 DP0 TP0 EP0] Decode batch, #running-req: 1024, #token: 2118656, token usage: 0.68, pre-allocated usage: 0.00, #prealloc-req: 0, #transfer-req: 0, #retracted-req: 0, cuda graph: True, gen throughput (token/s): 13243.07, #queue-req: 853, 
[2025-11-22 23:25:01 DP0 TP0 EP0] Decode batch, #running-req: 1024, #token: 2118656, token usage: 0.68, pre-allocated usage: 0.00, #prealloc-req: 0, #transfer-req: 0, #retracted-req: 0, cuda graph: True, gen throughput (token/s): 13044.73, #queue-req: 853, 
[2025-11-22 23:25:01 DP0 TP0 EP0] Decode batch, #running-req: 1024, #token: 2118656, token usage: 0.68, pre-allocated usage: 0.00, #prealloc-req: 0, #transfer-req: 0, #retracted-req: 0, cuda graph: True, gen throughput (token/s): 13241.02, #queue-req: 853, 
[2025-11-22 23:25:01 DP0 TP0 EP0] Decode batch, #running-req: 1024, #token: 2118656, token usage: 0.68, pre-allocated usage: 0.00, #prealloc-req: 0, #transfer-req: 0, #retracted-req: 0, cuda graph: True, gen throughput (token/s): 13351.45, #queue-req: 853, 
[2025-11-22 23:25:01 DP0 TP0 EP0] Decode batch, #running-req: 1024, #token: 2118656, token usage: 0.68, pre-allocated usage: 0.00, #prealloc-req: 0, #transfer-req: 0, #retracted-req: 0, cuda graph: True, gen throughput (token/s): 13218.95, #queue-req: 853, 
[2025-11-22 23:25:02 DP0 TP0 EP0] Decode batch, #running-req: 1024, #token: 2118656, token usage: 0.68, pre-allocated usage: 0.00, #prealloc-req: 0, #transfer-req: 0, #retracted-req: 0, cuda graph: True, gen throughput (token/s): 13148.87, #queue-req: 853, 
[2025-11-22 23:25:02 DP0 TP0 EP0] Decode batch, #running-req: 1024, #token: 2118656, token usage: 0.68, pre-allocated usage: 0.00, #prealloc-req: 0, #transfer-req: 0, #retracted-req: 0, cuda graph: True, gen throughput (token/s): 13150.52, #queue-req: 853, 
[2025-11-22 23:25:02 DP0 TP0 EP0] Decode batch, #running-req: 1024, #token: 2118656, token usage: 0.68, pre-allocated usage: 0.00, #prealloc-req: 0, #transfer-req: 0, #retracted-req: 0, cuda graph: True, gen throughput (token/s): 13261.71, #queue-req: 853, 
[2025-11-22 23:25:02 DP0 TP0 EP0] Decode batch, #running-req: 1024, #token: 2118656, token usage: 0.68, pre-allocated usage: 0.00, #prealloc-req: 0, #transfer-req: 0, #retracted-req: 0, cuda graph: True, gen throughput (token/s): 13208.78, #queue-req: 853, 
[2025-11-22 23:25:02 DP0 TP0 EP0] Decode batch, #running-req: 1024, #token: 2118656, token usage: 0.68, pre-allocated usage: 0.00, #prealloc-req: 0, #transfer-req: 0, #retracted-req: 0, cuda graph: True, gen throughput (token/s): 13069.58, #queue-req: 853, 
[2025-11-22 23:25:02 DP0 TP0 EP0] Decode batch, #running-req: 1024, #token: 2118656, token usage: 0.68, pre-allocated usage: 0.00, #prealloc-req: 0, #transfer-req: 0, #retracted-req: 0, cuda graph: True, gen throughput (token/s): 13097.86, #queue-req: 853, 
[2025-11-22 23:25:02 DP0 TP0 EP0] Decode batch, #running-req: 1024, #token: 2118656, token usage: 0.68, pre-allocated usage: 0.00, #prealloc-req: 0, #transfer-req: 0, #retracted-req: 0, cuda graph: True, gen throughput (token/s): 13209.93, #queue-req: 853, 
[2025-11-22 23:25:02 DP0 TP0 EP0] Decode batch, #running-req: 1024, #token: 2118656, token usage: 0.68, pre-allocated usage: 0.00, #prealloc-req: 0, #transfer-req: 0, #retracted-req: 0, cuda graph: True, gen throughput (token/s): 13266.40, #queue-req: 853, 
[2025-11-22 23:25:02 DP0 TP0 EP0] Decode batch, #running-req: 1024, #token: 2118656, token usage: 0.68, pre-allocated usage: 0.00, #prealloc-req: 0, #transfer-req: 0, #retracted-req: 0, cuda graph: True, gen throughput (token/s): 13155.69, #queue-req: 853, 
[2025-11-22 23:25:02 DP0 TP0 EP0] Decode batch, #running-req: 1024, #token: 2118656, token usage: 0.68, pre-allocated usage: 0.00, #prealloc-req: 0, #transfer-req: 0, #retracted-req: 0, cuda graph: True, gen throughput (token/s): 13283.14, #queue-req: 853, 
[2025-11-22 23:25:02 DP0 TP0 EP0] Decode batch, #running-req: 1024, #token: 2118656, token usage: 0.68, pre-allocated usage: 0.00, #prealloc-req: 0, #transfer-req: 0, #retracted-req: 0, cuda graph: True, gen throughput (token/s): 13140.70, #queue-req: 853, 
[2025-11-22 23:25:02 DP0 TP0 EP0] Decode batch, #running-req: 1024, #token: 2118656, token usage: 0.68, pre-allocated usage: 0.00, #prealloc-req: 0, #transfer-req: 0, #retracted-req: 0, cuda graph: True, gen throughput (token/s): 13165.02, #queue-req: 853, 
[2025-11-22 23:25:02 DP0 TP0 EP0] Decode batch, #running-req: 1024, #token: 2118656, token usage: 0.68, pre-allocated usage: 0.00, #prealloc-req: 0, #transfer-req: 0, #retracted-req: 0, cuda graph: True, gen throughput (token/s): 13188.44, #queue-req: 853, 
[2025-11-22 23:25:03 DP0 TP0 EP0] Decode batch, #running-req: 1024, #token: 2118656, token usage: 0.68, pre-allocated usage: 0.00, #prealloc-req: 0, #transfer-req: 0, #retracted-req: 0, cuda graph: True, gen throughput (token/s): 13293.60, #queue-req: 853, 
[2025-11-22 23:25:03 DP0 TP0 EP0] Decode batch, #running-req: 1024, #token: 2118656, token usage: 0.68, pre-allocated usage: 0.00, #prealloc-req: 0, #transfer-req: 0, #retracted-req: 0, cuda graph: True, gen throughput (token/s): 13354.92, #queue-req: 853, 
[2025-11-22 23:25:03 DP0 TP0 EP0] Decode batch, #running-req: 1024, #token: 2118656, token usage: 0.68, pre-allocated usage: 0.00, #prealloc-req: 0, #transfer-req: 0, #retracted-req: 0, cuda graph: True, gen throughput (token/s): 13253.51, #queue-req: 853, 
[2025-11-22 23:25:03 DP0 TP0 EP0] Decode batch, #running-req: 1024, #token: 2118656, token usage: 0.68, pre-allocated usage: 0.00, #prealloc-req: 0, #transfer-req: 0, #retracted-req: 0, cuda graph: True, gen throughput (token/s): 13159.08, #queue-req: 853, 
[2025-11-22 23:25:03 DP0 TP0 EP0] Decode batch, #running-req: 1024, #token: 2118656, token usage: 0.68, pre-allocated usage: 0.00, #prealloc-req: 0, #transfer-req: 0, #retracted-req: 0, cuda graph: True, gen throughput (token/s): 13110.67, #queue-req: 853, 
[2025-11-22 23:25:03 DP0 TP0 EP0] Decode batch, #running-req: 1024, #token: 2118656, token usage: 0.68, pre-allocated usage: 0.00, #prealloc-req: 0, #transfer-req: 0, #retracted-req: 0, cuda graph: True, gen throughput (token/s): 13005.28, #queue-req: 853, 
[2025-11-22 23:25:03 DP0 TP0 EP0] Decode batch, #running-req: 1024, #token: 2118656, token usage: 0.68, pre-allocated usage: 0.00, #prealloc-req: 0, #transfer-req: 0, #retracted-req: 0, cuda graph: True, gen throughput (token/s): 13068.29, #queue-req: 853, 
[2025-11-22 23:25:03 DP0 TP0 EP0] Decode batch, #running-req: 1024, #token: 2118656, token usage: 0.68, pre-allocated usage: 0.00, #prealloc-req: 0, #transfer-req: 0, #retracted-req: 0, cuda graph: True, gen throughput (token/s): 13203.22, #queue-req: 853, 
[2025-11-22 23:25:03 DP0 TP0 EP0] Decode batch, #running-req: 1024, #token: 2118656, token usage: 0.68, pre-allocated usage: 0.00, #prealloc-req: 0, #transfer-req: 0, #retracted-req: 0, cuda graph: True, gen throughput (token/s): 13241.68, #queue-req: 853, 
[2025-11-22 23:25:03 DP0 TP0 EP0] Decode batch, #running-req: 1024, #token: 2118656, token usage: 0.68, pre-allocated usage: 0.00, #prealloc-req: 0, #transfer-req: 0, #retracted-req: 0, cuda graph: True, gen throughput (token/s): 13038.82, #queue-req: 853, 
[2025-11-22 23:25:03 DP0 TP0 EP0] Decode batch, #running-req: 1024, #token: 2118656, token usage: 0.68, pre-allocated usage: 0.00, #prealloc-req: 0, #transfer-req: 0, #retracted-req: 0, cuda graph: True, gen throughput (token/s): 13081.88, #queue-req: 853, 
[2025-11-22 23:25:03 DP0 TP0 EP0] Decode batch, #running-req: 1024, #token: 2184192, token usage: 0.70, pre-allocated usage: 0.00, #prealloc-req: 0, #transfer-req: 0, #retracted-req: 0, cuda graph: True, gen throughput (token/s): 13121.49, #queue-req: 853, 
[2025-11-22 23:25:03 DP0 TP0 EP0] Decode batch, #running-req: 1024, #token: 2184192, token usage: 0.70, pre-allocated usage: 0.00, #prealloc-req: 0, #transfer-req: 0, #retracted-req: 0, cuda graph: True, gen throughput (token/s): 13150.92, #queue-req: 853, 
[2025-11-22 23:25:04 DP0 TP0 EP0] Decode batch, #running-req: 1024, #token: 2184192, token usage: 0.70, pre-allocated usage: 0.00, #prealloc-req: 0, #transfer-req: 0, #retracted-req: 0, cuda graph: True, gen throughput (token/s): 13099.23, #queue-req: 853, 
[2025-11-22 23:25:04 DP0 TP0 EP0] Decode batch, #running-req: 1024, #token: 2184192, token usage: 0.70, pre-allocated usage: 0.00, #prealloc-req: 0, #transfer-req: 0, #retracted-req: 0, cuda graph: True, gen throughput (token/s): 13098.69, #queue-req: 853, 
[2025-11-22 23:25:04 DP0 TP0 EP0] Decode batch, #running-req: 1024, #token: 2184192, token usage: 0.70, pre-allocated usage: 0.00, #prealloc-req: 0, #transfer-req: 0, #retracted-req: 0, cuda graph: True, gen throughput (token/s): 13044.56, #queue-req: 853, 
[2025-11-22 23:25:04 DP0 TP0 EP0] Decode batch, #running-req: 1024, #token: 2184192, token usage: 0.70, pre-allocated usage: 0.00, #prealloc-req: 0, #transfer-req: 0, #retracted-req: 0, cuda graph: True, gen throughput (token/s): 13068.25, #queue-req: 853, 
[2025-11-22 23:25:04 DP0 TP0 EP0] Decode batch, #running-req: 1024, #token: 2184192, token usage: 0.70, pre-allocated usage: 0.00, #prealloc-req: 0, #transfer-req: 0, #retracted-req: 0, cuda graph: True, gen throughput (token/s): 13189.90, #queue-req: 853, 
[2025-11-22 23:25:04 DP0 TP0 EP0] Decode batch, #running-req: 1024, #token: 2184192, token usage: 0.70, pre-allocated usage: 0.00, #prealloc-req: 0, #transfer-req: 0, #retracted-req: 0, cuda graph: True, gen throughput (token/s): 12987.53, #queue-req: 853, 
[2025-11-22 23:25:04 DP0 TP0 EP0] Decode batch, #running-req: 1024, #token: 2184192, token usage: 0.70, pre-allocated usage: 0.00, #prealloc-req: 0, #transfer-req: 0, #retracted-req: 0, cuda graph: True, gen throughput (token/s): 13227.72, #queue-req: 853, 
[2025-11-22 23:25:04 DP0 TP0 EP0] Decode batch, #running-req: 1024, #token: 2184192, token usage: 0.70, pre-allocated usage: 0.00, #prealloc-req: 0, #transfer-req: 0, #retracted-req: 0, cuda graph: True, gen throughput (token/s): 13071.17, #queue-req: 853, 
[2025-11-22 23:25:04 DP0 TP0 EP0] Decode batch, #running-req: 1024, #token: 2184192, token usage: 0.70, pre-allocated usage: 0.00, #prealloc-req: 0, #transfer-req: 0, #retracted-req: 0, cuda graph: True, gen throughput (token/s): 13115.39, #queue-req: 853, 
[2025-11-22 23:25:04 DP0 TP0 EP0] Decode batch, #running-req: 1024, #token: 2184192, token usage: 0.70, pre-allocated usage: 0.00, #prealloc-req: 0, #transfer-req: 0, #retracted-req: 0, cuda graph: True, gen throughput (token/s): 13108.56, #queue-req: 853, 
[2025-11-22 23:25:04 DP0 TP0 EP0] Decode batch, #running-req: 1024, #token: 2184192, token usage: 0.70, pre-allocated usage: 0.00, #prealloc-req: 0, #transfer-req: 0, #retracted-req: 0, cuda graph: True, gen throughput (token/s): 13104.26, #queue-req: 853, 
[2025-11-22 23:25:04 DP0 TP0 EP0] Decode batch, #running-req: 1024, #token: 2184192, token usage: 0.70, pre-allocated usage: 0.00, #prealloc-req: 0, #transfer-req: 0, #retracted-req: 0, cuda graph: True, gen throughput (token/s): 13098.47, #queue-req: 853, 
[2025-11-22 23:25:04 DP0 TP0 EP0] Decode batch, #running-req: 1024, #token: 2184192, token usage: 0.70, pre-allocated usage: 0.00, #prealloc-req: 0, #transfer-req: 0, #retracted-req: 0, cuda graph: True, gen throughput (token/s): 13086.89, #queue-req: 853, 
[2025-11-22 23:25:05 DP0 TP0 EP0] Decode batch, #running-req: 1024, #token: 2184192, token usage: 0.70, pre-allocated usage: 0.00, #prealloc-req: 0, #transfer-req: 0, #retracted-req: 0, cuda graph: True, gen throughput (token/s): 12689.45, #queue-req: 853, 
[2025-11-22 23:25:05 DP0 TP0 EP0] Decode batch, #running-req: 1024, #token: 2184192, token usage: 0.70, pre-allocated usage: 0.00, #prealloc-req: 0, #transfer-req: 0, #retracted-req: 0, cuda graph: True, gen throughput (token/s): 13041.01, #queue-req: 853, 
[2025-11-22 23:25:05 DP0 TP0 EP0] Decode batch, #running-req: 1024, #token: 2184192, token usage: 0.70, pre-allocated usage: 0.00, #prealloc-req: 0, #transfer-req: 0, #retracted-req: 0, cuda graph: True, gen throughput (token/s): 13101.68, #queue-req: 853, 
[2025-11-22 23:25:05 DP0 TP0 EP0] Decode batch, #running-req: 1024, #token: 2184192, token usage: 0.70, pre-allocated usage: 0.00, #prealloc-req: 0, #transfer-req: 0, #retracted-req: 0, cuda graph: True, gen throughput (token/s): 13214.06, #queue-req: 853, 
[2025-11-22 23:25:05 DP0 TP0 EP0] Decode batch, #running-req: 1024, #token: 2184192, token usage: 0.70, pre-allocated usage: 0.00, #prealloc-req: 0, #transfer-req: 0, #retracted-req: 0, cuda graph: True, gen throughput (token/s): 13028.01, #queue-req: 853, 
[2025-11-22 23:25:05 DP0 TP0 EP0] Decode batch, #running-req: 1024, #token: 2184192, token usage: 0.70, pre-allocated usage: 0.00, #prealloc-req: 0, #transfer-req: 0, #retracted-req: 0, cuda graph: True, gen throughput (token/s): 13042.83, #queue-req: 853, 
[2025-11-22 23:25:05 DP0 TP0 EP0] Decode batch, #running-req: 1024, #token: 2184192, token usage: 0.70, pre-allocated usage: 0.00, #prealloc-req: 0, #transfer-req: 0, #retracted-req: 0, cuda graph: True, gen throughput (token/s): 13069.28, #queue-req: 853, 
[2025-11-22 23:25:05 DP0 TP0 EP0] Decode batch, #running-req: 1024, #token: 2184192, token usage: 0.70, pre-allocated usage: 0.00, #prealloc-req: 0, #transfer-req: 0, #retracted-req: 0, cuda graph: True, gen throughput (token/s): 12990.38, #queue-req: 853, 
[2025-11-22 23:25:05 DP0 TP0 EP0] Decode batch, #running-req: 1024, #token: 2184192, token usage: 0.70, pre-allocated usage: 0.00, #prealloc-req: 0, #transfer-req: 0, #retracted-req: 0, cuda graph: True, gen throughput (token/s): 12981.04, #queue-req: 853, 
[2025-11-22 23:25:05 DP0 TP0 EP0] Decode batch, #running-req: 1024, #token: 2184192, token usage: 0.70, pre-allocated usage: 0.00, #prealloc-req: 0, #transfer-req: 0, #retracted-req: 0, cuda graph: True, gen throughput (token/s): 13084.73, #queue-req: 853, 
[2025-11-22 23:25:05 DP0 TP0 EP0] Decode batch, #running-req: 1024, #token: 2184192, token usage: 0.70, pre-allocated usage: 0.00, #prealloc-req: 0, #transfer-req: 0, #retracted-req: 0, cuda graph: True, gen throughput (token/s): 13206.90, #queue-req: 853, 
[2025-11-22 23:25:05 DP0 TP0 EP0] Decode batch, #running-req: 1024, #token: 2184192, token usage: 0.70, pre-allocated usage: 0.00, #prealloc-req: 0, #transfer-req: 0, #retracted-req: 0, cuda graph: True, gen throughput (token/s): 13295.01, #queue-req: 853, 
[2025-11-22 23:25:05 DP0 TP0 EP0] Decode batch, #running-req: 1024, #token: 2184192, token usage: 0.70, pre-allocated usage: 0.00, #prealloc-req: 0, #transfer-req: 0, #retracted-req: 0, cuda graph: True, gen throughput (token/s): 13220.90, #queue-req: 853, 
[2025-11-22 23:25:06 DP0 TP0 EP0] Decode batch, #running-req: 1024, #token: 2184192, token usage: 0.70, pre-allocated usage: 0.00, #prealloc-req: 0, #transfer-req: 0, #retracted-req: 0, cuda graph: True, gen throughput (token/s): 13140.93, #queue-req: 853, 
[2025-11-22 23:25:06 DP0 TP0 EP0] Decode batch, #running-req: 1024, #token: 2184192, token usage: 0.70, pre-allocated usage: 0.00, #prealloc-req: 0, #transfer-req: 0, #retracted-req: 0, cuda graph: True, gen throughput (token/s): 13087.43, #queue-req: 853, 
[2025-11-22 23:25:06 DP0 TP0 EP0] Decode batch, #running-req: 1024, #token: 2184192, token usage: 0.70, pre-allocated usage: 0.00, #prealloc-req: 0, #transfer-req: 0, #retracted-req: 0, cuda graph: True, gen throughput (token/s): 13179.64, #queue-req: 853, 
[2025-11-22 23:25:06 DP0 TP0 EP0] Decode batch, #running-req: 1024, #token: 2184192, token usage: 0.70, pre-allocated usage: 0.00, #prealloc-req: 0, #transfer-req: 0, #retracted-req: 0, cuda graph: True, gen throughput (token/s): 13326.81, #queue-req: 853, 
[2025-11-22 23:25:06 DP0 TP0 EP0] Decode batch, #running-req: 1024, #token: 2184192, token usage: 0.70, pre-allocated usage: 0.00, #prealloc-req: 0, #transfer-req: 0, #retracted-req: 0, cuda graph: True, gen throughput (token/s): 13166.71, #queue-req: 853, 
[2025-11-22 23:25:06 DP0 TP0 EP0] Decode batch, #running-req: 1024, #token: 2184192, token usage: 0.70, pre-allocated usage: 0.00, #prealloc-req: 0, #transfer-req: 0, #retracted-req: 0, cuda graph: True, gen throughput (token/s): 13269.23, #queue-req: 853, 
[2025-11-22 23:25:06 DP0 TP0 EP0] Decode batch, #running-req: 1024, #token: 2184192, token usage: 0.70, pre-allocated usage: 0.00, #prealloc-req: 0, #transfer-req: 0, #retracted-req: 0, cuda graph: True, gen throughput (token/s): 13194.21, #queue-req: 853, 
[2025-11-22 23:25:06 DP0 TP0 EP0] Decode batch, #running-req: 1024, #token: 2184192, token usage: 0.70, pre-allocated usage: 0.00, #prealloc-req: 0, #transfer-req: 0, #retracted-req: 0, cuda graph: True, gen throughput (token/s): 13320.04, #queue-req: 853, 
[2025-11-22 23:25:06 DP0 TP0 EP0] Decode batch, #running-req: 1024, #token: 2184192, token usage: 0.70, pre-allocated usage: 0.00, #prealloc-req: 0, #transfer-req: 0, #retracted-req: 0, cuda graph: True, gen throughput (token/s): 13173.30, #queue-req: 853, 
[2025-11-22 23:25:06 DP0 TP0 EP0] Decode batch, #running-req: 1024, #token: 2184192, token usage: 0.70, pre-allocated usage: 0.00, #prealloc-req: 0, #transfer-req: 0, #retracted-req: 0, cuda graph: True, gen throughput (token/s): 13246.45, #queue-req: 853, 
[2025-11-22 23:25:06 DP0 TP0 EP0] Decode batch, #running-req: 1024, #token: 2184192, token usage: 0.70, pre-allocated usage: 0.00, #prealloc-req: 0, #transfer-req: 0, #retracted-req: 0, cuda graph: True, gen throughput (token/s): 13167.40, #queue-req: 853, 
[2025-11-22 23:25:06 DP0 TP0 EP0] Decode batch, #running-req: 1024, #token: 2184192, token usage: 0.70, pre-allocated usage: 0.00, #prealloc-req: 0, #transfer-req: 0, #retracted-req: 0, cuda graph: True, gen throughput (token/s): 13215.23, #queue-req: 853, 
[2025-11-22 23:25:06 DP0 TP0 EP0] Decode batch, #running-req: 1024, #token: 2184192, token usage: 0.70, pre-allocated usage: 0.00, #prealloc-req: 0, #transfer-req: 0, #retracted-req: 0, cuda graph: True, gen throughput (token/s): 13245.29, #queue-req: 853, 
[2025-11-22 23:25:07 DP0 TP0 EP0] Decode batch, #running-req: 1024, #token: 2184192, token usage: 0.70, pre-allocated usage: 0.00, #prealloc-req: 0, #transfer-req: 0, #retracted-req: 0, cuda graph: True, gen throughput (token/s): 13129.67, #queue-req: 853, 
[2025-11-22 23:25:07 DP0 TP0 EP0] Decode batch, #running-req: 1024, #token: 2184192, token usage: 0.70, pre-allocated usage: 0.00, #prealloc-req: 0, #transfer-req: 0, #retracted-req: 0, cuda graph: True, gen throughput (token/s): 13119.78, #queue-req: 853, 
[2025-11-22 23:25:07 DP0 TP0 EP0] Decode batch, #running-req: 1024, #token: 2184192, token usage: 0.70, pre-allocated usage: 0.00, #prealloc-req: 0, #transfer-req: 0, #retracted-req: 0, cuda graph: True, gen throughput (token/s): 13140.84, #queue-req: 853, 
[2025-11-22 23:25:07 DP0 TP0 EP0] Decode batch, #running-req: 1024, #token: 2184192, token usage: 0.70, pre-allocated usage: 0.00, #prealloc-req: 0, #transfer-req: 0, #retracted-req: 0, cuda graph: True, gen throughput (token/s): 13051.08, #queue-req: 853, 
[2025-11-22 23:25:07 DP0 TP0 EP0] Decode batch, #running-req: 1024, #token: 2184192, token usage: 0.70, pre-allocated usage: 0.00, #prealloc-req: 0, #transfer-req: 0, #retracted-req: 0, cuda graph: True, gen throughput (token/s): 12980.66, #queue-req: 853, 
[2025-11-22 23:25:07 DP0 TP0 EP0] Decode batch, #running-req: 1024, #token: 2184192, token usage: 0.70, pre-allocated usage: 0.00, #prealloc-req: 0, #transfer-req: 0, #retracted-req: 0, cuda graph: True, gen throughput (token/s): 13094.77, #queue-req: 853, 
[2025-11-22 23:25:07 DP0 TP0 EP0] Decode batch, #running-req: 1024, #token: 2184192, token usage: 0.70, pre-allocated usage: 0.00, #prealloc-req: 0, #transfer-req: 0, #retracted-req: 0, cuda graph: True, gen throughput (token/s): 13138.72, #queue-req: 853, 
[2025-11-22 23:25:07 DP0 TP0 EP0] Decode batch, #running-req: 1024, #token: 2184192, token usage: 0.70, pre-allocated usage: 0.00, #prealloc-req: 0, #transfer-req: 0, #retracted-req: 0, cuda graph: True, gen throughput (token/s): 13067.06, #queue-req: 853, 
[2025-11-22 23:25:07 DP0 TP0 EP0] Decode batch, #running-req: 1024, #token: 2184192, token usage: 0.70, pre-allocated usage: 0.00, #prealloc-req: 0, #transfer-req: 0, #retracted-req: 0, cuda graph: True, gen throughput (token/s): 13091.02, #queue-req: 853, 
[2025-11-22 23:25:07 DP0 TP0 EP0] Decode batch, #running-req: 1024, #token: 2184192, token usage: 0.70, pre-allocated usage: 0.00, #prealloc-req: 0, #transfer-req: 0, #retracted-req: 0, cuda graph: True, gen throughput (token/s): 13129.42, #queue-req: 853, 
[2025-11-22 23:25:07 DP0 TP0 EP0] Decode batch, #running-req: 1024, #token: 2184192, token usage: 0.70, pre-allocated usage: 0.00, #prealloc-req: 0, #transfer-req: 0, #retracted-req: 0, cuda graph: True, gen throughput (token/s): 13071.69, #queue-req: 853, 
[2025-11-22 23:25:07 DP0 TP0 EP0] Decode batch, #running-req: 1024, #token: 2184192, token usage: 0.70, pre-allocated usage: 0.00, #prealloc-req: 0, #transfer-req: 0, #retracted-req: 0, cuda graph: True, gen throughput (token/s): 13135.91, #queue-req: 853, 
[2025-11-22 23:25:08 DP0 TP0 EP0] Decode batch, #running-req: 1024, #token: 2184192, token usage: 0.70, pre-allocated usage: 0.00, #prealloc-req: 0, #transfer-req: 0, #retracted-req: 0, cuda graph: True, gen throughput (token/s): 13162.73, #queue-req: 853, 
[2025-11-22 23:25:08 DP0 TP0 EP0] Decode batch, #running-req: 1024, #token: 2184192, token usage: 0.70, pre-allocated usage: 0.00, #prealloc-req: 0, #transfer-req: 0, #retracted-req: 0, cuda graph: True, gen throughput (token/s): 13095.98, #queue-req: 853, 
[2025-11-22 23:25:08 DP0 TP0 EP0] Decode batch, #running-req: 1024, #token: 2184192, token usage: 0.70, pre-allocated usage: 0.00, #prealloc-req: 0, #transfer-req: 0, #retracted-req: 0, cuda graph: True, gen throughput (token/s): 13303.23, #queue-req: 853, 
[2025-11-22 23:25:08 DP0 TP0 EP0] Decode batch, #running-req: 1024, #token: 2184192, token usage: 0.70, pre-allocated usage: 0.00, #prealloc-req: 0, #transfer-req: 0, #retracted-req: 0, cuda graph: True, gen throughput (token/s): 13116.01, #queue-req: 853, 
[2025-11-22 23:25:08 DP0 TP0 EP0] Decode batch, #running-req: 1024, #token: 2184192, token usage: 0.70, pre-allocated usage: 0.00, #prealloc-req: 0, #transfer-req: 0, #retracted-req: 0, cuda graph: True, gen throughput (token/s): 13222.82, #queue-req: 853, 
[2025-11-22 23:25:08 DP0 TP0 EP0] Decode batch, #running-req: 1024, #token: 2184192, token usage: 0.70, pre-allocated usage: 0.00, #prealloc-req: 0, #transfer-req: 0, #retracted-req: 0, cuda graph: True, gen throughput (token/s): 13092.95, #queue-req: 853, 
[2025-11-22 23:25:08 DP0 TP0 EP0] Decode batch, #running-req: 1024, #token: 2184192, token usage: 0.70, pre-allocated usage: 0.00, #prealloc-req: 0, #transfer-req: 0, #retracted-req: 0, cuda graph: True, gen throughput (token/s): 13062.12, #queue-req: 853, 
[2025-11-22 23:25:08 DP0 TP0 EP0] Decode batch, #running-req: 1024, #token: 2184192, token usage: 0.70, pre-allocated usage: 0.00, #prealloc-req: 0, #transfer-req: 0, #retracted-req: 0, cuda graph: True, gen throughput (token/s): 13142.23, #queue-req: 853, 
[2025-11-22 23:25:08 DP0 TP0 EP0] Decode batch, #running-req: 1024, #token: 2184192, token usage: 0.70, pre-allocated usage: 0.00, #prealloc-req: 0, #transfer-req: 0, #retracted-req: 0, cuda graph: True, gen throughput (token/s): 13145.13, #queue-req: 853, 
[2025-11-22 23:25:08 DP0 TP0 EP0] Decode batch, #running-req: 1024, #token: 2184192, token usage: 0.70, pre-allocated usage: 0.00, #prealloc-req: 0, #transfer-req: 0, #retracted-req: 0, cuda graph: True, gen throughput (token/s): 13236.11, #queue-req: 853, 
